{"C:\\Users\\dinet\\WebstormProjects\\af-2-DinethRashmikaHeshan\\__tests__\\test-utils.tsx": {"path":"C:\\Users\\dinet\\WebstormProjects\\af-2-DinethRashmikaHeshan\\__tests__\\test-utils.tsx","statementMap":{"0":{"start":{"line":26,"column":13},"end":{"line":26,"column":26}},"1":{"start":{"line":59,"column":13},"end":{"line":59,"column":31}},"2":{"start":{"line":142,"column":13},"end":{"line":142,"column":26}},"3":{"start":{"line":136,"column":13},"end":{"line":136,"column":21}},"4":{"start":{"line":23,"column":9},"end":{"line":23,"column":25}},"5":{"start":{"line":3,"column":43},"end":{"line":3,"column":null}},"6":{"start":{"line":4,"column":30},"end":{"line":4,"column":null}},"7":{"start":{"line":7,"column":21},"end":{"line":17,"column":null}},"8":{"start":{"line":8,"column":23},"end":{"line":14,"column":null}},"9":{"start":{"line":16,"column":2},"end":{"line":16,"column":null}},"10":{"start":{"line":26,"column":29},"end":{"line":57,"column":null}},"11":{"start":{"line":59,"column":34},"end":{"line":133,"column":null}},"12":{"start":{"line":136,"column":24},"end":{"line":139,"column":null}},"13":{"start":{"line":142,"column":29},"end":{"line":145,"column":null}}},"fnMap":{"0":{"name":"(anonymous_9)","decl":{"start":{"line":7,"column":21},"end":{"line":7,"column":22}},"loc":{"start":{"line":7,"column":40},"end":{"line":17,"column":null}}},"1":{"name":"(anonymous_10)","decl":{"start":{"line":8,"column":23},"end":{"line":8,"column":24}},"loc":{"start":{"line":8,"column":67},"end":{"line":14,"column":null}}}},"branchMap":{},"s":{"0":4,"1":5,"2":1,"3":0,"4":20,"5":7,"6":7,"7":7,"8":20,"9":20,"10":7,"11":7,"12":7,"13":7},"f":{"0":20,"1":20},"b":{}}
,"C:\\Users\\dinet\\WebstormProjects\\af-2-DinethRashmikaHeshan\\app\\countries\\page.tsx": {"path":"C:\\Users\\dinet\\WebstormProjects\\af-2-DinethRashmikaHeshan\\app\\countries\\page.tsx","statementMap":{"0":{"start":{"line":34,"column":24},"end":{"line":34,"column":null}},"1":{"start":{"line":3,"column":36},"end":{"line":3,"column":null}},"2":{"start":{"line":4,"column":26},"end":{"line":4,"column":null}},"3":{"start":{"line":5,"column":22},"end":{"line":5,"column":null}},"4":{"start":{"line":6,"column":23},"end":{"line":6,"column":null}},"5":{"start":{"line":7,"column":57},"end":{"line":7,"column":null}},"6":{"start":{"line":8,"column":78},"end":{"line":8,"column":null}},"7":{"start":{"line":9,"column":24},"end":{"line":9,"column":null}},"8":{"start":{"line":10,"column":25},"end":{"line":10,"column":null}},"9":{"start":{"line":11,"column":25},"end":{"line":11,"column":null}},"10":{"start":{"line":12,"column":26},"end":{"line":12,"column":null}},"11":{"start":{"line":13,"column":27},"end":{"line":13,"column":null}},"12":{"start":{"line":35,"column":36},"end":{"line":35,"column":null}},"13":{"start":{"line":36,"column":52},"end":{"line":36,"column":null}},"14":{"start":{"line":37,"column":38},"end":{"line":37,"column":null}},"15":{"start":{"line":38,"column":46},"end":{"line":38,"column":null}},"16":{"start":{"line":39,"column":32},"end":{"line":39,"column":null}},"17":{"start":{"line":40,"column":36},"end":{"line":40,"column":null}},"18":{"start":{"line":41,"column":26},"end":{"line":41,"column":null}},"19":{"start":{"line":42,"column":17},"end":{"line":42,"column":null}},"20":{"start":{"line":43,"column":20},"end":{"line":43,"column":null}},"21":{"start":{"line":46,"column":2},"end":{"line":56,"column":null}},"22":{"start":{"line":47,"column":22},"end":{"line":53,"column":null}},"23":{"start":{"line":48,"column":23},"end":{"line":48,"column":null}},"24":{"start":{"line":49,"column":6},"end":{"line":52,"column":null}},"25":{"start":{"line":50,"column":8},"end":{"line":50,"column":null}},"26":{"start":{"line":51,"column":8},"end":{"line":51,"column":null}},"27":{"start":{"line":55,"column":4},"end":{"line":55,"column":null}},"28":{"start":{"line":59,"column":2},"end":{"line":81,"column":null}},"29":{"start":{"line":60,"column":27},"end":{"line":78,"column":null}},"30":{"start":{"line":61,"column":6},"end":{"line":77,"column":null}},"31":{"start":{"line":62,"column":25},"end":{"line":62,"column":null}},"32":{"start":{"line":63,"column":8},"end":{"line":63,"column":null}},"33":{"start":{"line":63,"column":26},"end":{"line":63,"column":null}},"34":{"start":{"line":65,"column":21},"end":{"line":65,"column":null}},"35":{"start":{"line":66,"column":8},"end":{"line":66,"column":null}},"36":{"start":{"line":67,"column":8},"end":{"line":67,"column":null}},"37":{"start":{"line":69,"column":8},"end":{"line":69,"column":null}},"38":{"start":{"line":70,"column":8},"end":{"line":74,"column":null}},"39":{"start":{"line":76,"column":8},"end":{"line":76,"column":null}},"40":{"start":{"line":80,"column":4},"end":{"line":80,"column":null}},"41":{"start":{"line":84,"column":25},"end":{"line":96,"column":null}},"42":{"start":{"line":85,"column":4},"end":{"line":95,"column":null}},"43":{"start":{"line":86,"column":30},"end":{"line":86,"column":null}},"44":{"start":{"line":88,"column":6},"end":{"line":88,"column":null}},"45":{"start":{"line":88,"column":17},"end":{"line":88,"column":null}},"46":{"start":{"line":90,"column":6},"end":{"line":92,"column":null}},"47":{"start":{"line":91,"column":8},"end":{"line":91,"column":null}},"48":{"start":{"line":91,"column":39},"end":{"line":91,"column":55}},"49":{"start":{"line":94,"column":6},"end":{"line":94,"column":null}},"50":{"start":{"line":99,"column":2},"end":{"line":111,"column":null}},"51":{"start":{"line":100,"column":17},"end":{"line":100,"column":null}},"52":{"start":{"line":102,"column":4},"end":{"line":104,"column":null}},"53":{"start":{"line":103,"column":6},"end":{"line":103,"column":null}},"54":{"start":{"line":103,"column":42},"end":{"line":103,"column":null}},"55":{"start":{"line":106,"column":4},"end":{"line":108,"column":null}},"56":{"start":{"line":107,"column":6},"end":{"line":107,"column":null}},"57":{"start":{"line":107,"column":42},"end":{"line":107,"column":null}},"58":{"start":{"line":110,"column":4},"end":{"line":110,"column":null}},"59":{"start":{"line":114,"column":25},"end":{"line":161,"column":null}},"60":{"start":{"line":115,"column":4},"end":{"line":123,"column":null}},"61":{"start":{"line":116,"column":6},"end":{"line":120,"column":null}},"62":{"start":{"line":121,"column":6},"end":{"line":121,"column":null}},"63":{"start":{"line":122,"column":6},"end":{"line":122,"column":null}},"64":{"start":{"line":125,"column":4},"end":{"line":160,"column":null}},"65":{"start":{"line":126,"column":6},"end":{"line":152,"column":null}},"66":{"start":{"line":128,"column":26},"end":{"line":132,"column":null}},"67":{"start":{"line":134,"column":8},"end":{"line":134,"column":null}},"68":{"start":{"line":134,"column":19},"end":{"line":134,"column":null}},"69":{"start":{"line":136,"column":8},"end":{"line":136,"column":null}},"70":{"start":{"line":136,"column":48},"end":{"line":136,"column":null}},"71":{"start":{"line":137,"column":8},"end":{"line":140,"column":null}},"72":{"start":{"line":143,"column":26},"end":{"line":143,"column":null}},"73":{"start":{"line":145,"column":8},"end":{"line":145,"column":null}},"74":{"start":{"line":145,"column":19},"end":{"line":145,"column":null}},"75":{"start":{"line":147,"column":8},"end":{"line":147,"column":null}},"76":{"start":{"line":148,"column":8},"end":{"line":151,"column":null}},"77":{"start":{"line":154,"column":6},"end":{"line":154,"column":null}},"78":{"start":{"line":155,"column":6},"end":{"line":159,"column":null}},"79":{"start":{"line":164,"column":18},"end":{"line":164,"column":null}},"80":{"start":{"line":164,"column":57},"end":{"line":164,"column":71}},"81":{"start":{"line":166,"column":2},"end":{"line":168,"column":null}},"82":{"start":{"line":178,"column":43},"end":{"line":178,"column":66}},"83":{"start":{"line":190,"column":33},"end":{"line":190,"column":null}},"84":{"start":{"line":201,"column":20},"end":{"line":201,"column":45}},"85":{"start":{"line":213,"column":12},"end":{"line":214,"column":null}},"86":{"start":{"line":217,"column":38},"end":{"line":217,"column":null}},"87":{"start":{"line":218,"column":35},"end":{"line":218,"column":null}}},"fnMap":{"0":{"name":"Countries","decl":{"start":{"line":34,"column":24},"end":{"line":34,"column":null}},"loc":{"start":{"line":34,"column":24},"end":{"line":231,"column":null}}},"1":{"name":"(anonymous_3)","decl":{"start":{"line":46,"column":12},"end":{"line":46,"column":null}},"loc":{"start":{"line":46,"column":12},"end":{"line":56,"column":5}}},"2":{"name":"(anonymous_4)","decl":{"start":{"line":47,"column":22},"end":{"line":47,"column":null}},"loc":{"start":{"line":47,"column":22},"end":{"line":53,"column":null}}},"3":{"name":"(anonymous_5)","decl":{"start":{"line":59,"column":12},"end":{"line":59,"column":null}},"loc":{"start":{"line":59,"column":12},"end":{"line":81,"column":5}}},"4":{"name":"(anonymous_6)","decl":{"start":{"line":60,"column":27},"end":{"line":60,"column":null}},"loc":{"start":{"line":60,"column":27},"end":{"line":78,"column":null}}},"5":{"name":"(anonymous_7)","decl":{"start":{"line":84,"column":25},"end":{"line":84,"column":32}},"loc":{"start":{"line":84,"column":32},"end":{"line":96,"column":null}}},"6":{"name":"(anonymous_8)","decl":{"start":{"line":91,"column":30},"end":{"line":91,"column":31}},"loc":{"start":{"line":91,"column":39},"end":{"line":91,"column":55}}},"7":{"name":"(anonymous_9)","decl":{"start":{"line":99,"column":12},"end":{"line":99,"column":null}},"loc":{"start":{"line":99,"column":12},"end":{"line":111,"column":5}}},"8":{"name":"(anonymous_10)","decl":{"start":{"line":103,"column":29},"end":{"line":103,"column":30}},"loc":{"start":{"line":103,"column":42},"end":{"line":103,"column":null}}},"9":{"name":"(anonymous_11)","decl":{"start":{"line":107,"column":29},"end":{"line":107,"column":30}},"loc":{"start":{"line":107,"column":42},"end":{"line":107,"column":null}}},"10":{"name":"(anonymous_12)","decl":{"start":{"line":114,"column":25},"end":{"line":114,"column":32}},"loc":{"start":{"line":114,"column":32},"end":{"line":161,"column":null}}},"11":{"name":"(anonymous_13)","decl":{"start":{"line":136,"column":38},"end":{"line":136,"column":39}},"loc":{"start":{"line":136,"column":48},"end":{"line":136,"column":null}}},"12":{"name":"(anonymous_14)","decl":{"start":{"line":164,"column":44},"end":{"line":164,"column":45}},"loc":{"start":{"line":164,"column":57},"end":{"line":164,"column":71}}},"13":{"name":"(anonymous_15)","decl":{"start":{"line":178,"column":37},"end":{"line":178,"column":43}},"loc":{"start":{"line":178,"column":43},"end":{"line":178,"column":66}}},"14":{"name":"(anonymous_16)","decl":{"start":{"line":190,"column":26},"end":{"line":190,"column":27}},"loc":{"start":{"line":190,"column":33},"end":{"line":190,"column":null}}},"15":{"name":"(anonymous_17)","decl":{"start":{"line":200,"column":31},"end":{"line":200,"column":32}},"loc":{"start":{"line":201,"column":20},"end":{"line":201,"column":45}}},"16":{"name":"(anonymous_18)","decl":{"start":{"line":212,"column":33},"end":{"line":212,"column":34}},"loc":{"start":{"line":213,"column":12},"end":{"line":214,"column":null}}},"17":{"name":"(anonymous_19)","decl":{"start":{"line":217,"column":32},"end":{"line":217,"column":38}},"loc":{"start":{"line":217,"column":38},"end":{"line":217,"column":null}}},"18":{"name":"(anonymous_20)","decl":{"start":{"line":218,"column":29},"end":{"line":218,"column":35}},"loc":{"start":{"line":218,"column":35},"end":{"line":218,"column":null}}}},"branchMap":{"0":{"loc":{"start":{"line":49,"column":6},"end":{"line":52,"column":null}},"type":"if","locations":[{"start":{"line":49,"column":6},"end":{"line":52,"column":null}}]},"1":{"loc":{"start":{"line":63,"column":8},"end":{"line":63,"column":null}},"type":"if","locations":[{"start":{"line":63,"column":8},"end":{"line":63,"column":null}}]},"2":{"loc":{"start":{"line":88,"column":6},"end":{"line":88,"column":null}},"type":"if","locations":[{"start":{"line":88,"column":6},"end":{"line":88,"column":null}}]},"3":{"loc":{"start":{"line":90,"column":6},"end":{"line":92,"column":null}},"type":"if","locations":[{"start":{"line":90,"column":6},"end":{"line":92,"column":null}}]},"4":{"loc":{"start":{"line":102,"column":4},"end":{"line":104,"column":null}},"type":"if","locations":[{"start":{"line":102,"column":4},"end":{"line":104,"column":null}}]},"5":{"loc":{"start":{"line":106,"column":4},"end":{"line":108,"column":null}},"type":"if","locations":[{"start":{"line":106,"column":4},"end":{"line":108,"column":null}}]},"6":{"loc":{"start":{"line":106,"column":8},"end":{"line":106,"column":52}},"type":"binary-expr","locations":[{"start":{"line":106,"column":8},"end":{"line":106,"column":26}},{"start":{"line":106,"column":26},"end":{"line":106,"column":52}}]},"7":{"loc":{"start":{"line":115,"column":4},"end":{"line":123,"column":null}},"type":"if","locations":[{"start":{"line":115,"column":4},"end":{"line":123,"column":null}}]},"8":{"loc":{"start":{"line":126,"column":6},"end":{"line":152,"column":null}},"type":"if","locations":[{"start":{"line":126,"column":6},"end":{"line":152,"column":null}},{"start":{"line":141,"column":13},"end":{"line":152,"column":null}}]},"9":{"loc":{"start":{"line":134,"column":8},"end":{"line":134,"column":null}},"type":"if","locations":[{"start":{"line":134,"column":8},"end":{"line":134,"column":null}}]},"10":{"loc":{"start":{"line":145,"column":8},"end":{"line":145,"column":null}},"type":"if","locations":[{"start":{"line":145,"column":8},"end":{"line":145,"column":null}}]},"11":{"loc":{"start":{"line":166,"column":2},"end":{"line":168,"column":null}},"type":"if","locations":[{"start":{"line":166,"column":2},"end":{"line":168,"column":null}}]},"12":{"loc":{"start":{"line":178,"column":11},"end":{"line":178,"column":20}},"type":"binary-expr","locations":[{"start":{"line":178,"column":11},"end":{"line":178,"column":20}}]},"13":{"loc":{"start":{"line":223,"column":9},"end":{"line":223,"column":null}},"type":"binary-expr","locations":[{"start":{"line":223,"column":9},"end":{"line":223,"column":null}}]}},"s":{"0":3,"1":1,"2":1,"3":1,"4":1,"5":1,"6":1,"7":1,"8":1,"9":1,"10":1,"11":1,"12":11,"13":11,"14":11,"15":11,"16":11,"17":11,"18":11,"19":11,"20":11,"21":11,"22":3,"23":3,"24":3,"25":0,"26":0,"27":3,"28":11,"29":3,"30":3,"31":3,"32":2,"33":0,"34":2,"35":2,"36":2,"37":1,"38":1,"39":3,"40":3,"41":11,"42":0,"43":0,"44":0,"45":0,"46":0,"47":0,"48":0,"49":0,"50":11,"51":5,"52":5,"53":0,"54":0,"55":5,"56":0,"57":0,"58":5,"59":11,"60":0,"61":0,"62":0,"63":0,"64":0,"65":0,"66":0,"67":0,"68":0,"69":0,"70":0,"71":0,"72":0,"73":0,"74":0,"75":0,"76":0,"77":0,"78":0,"79":11,"80":8,"81":11,"82":1,"83":0,"84":8,"85":8,"86":0,"87":0},"f":{"0":11,"1":3,"2":3,"3":3,"4":3,"5":0,"6":0,"7":5,"8":0,"9":0,"10":0,"11":0,"12":8,"13":1,"14":0,"15":8,"16":8,"17":0,"18":0},"b":{"0":[0],"1":[0],"2":[0],"3":[0],"4":[0],"5":[0],"6":[5,0],"7":[0],"8":[0,0],"9":[0],"10":[0],"11":[6],"12":[5],"13":[5]}}
,"C:\\Users\\dinet\\WebstormProjects\\af-2-DinethRashmikaHeshan\\app\\countries\\[code]\\page.tsx": {"path":"C:\\Users\\dinet\\WebstormProjects\\af-2-DinethRashmikaHeshan\\app\\countries\\[code]\\page.tsx","statementMap":{"0":{"start":{"line":64,"column":24},"end":{"line":64,"column":38}},"1":{"start":{"line":3,"column":36},"end":{"line":3,"column":null}},"2":{"start":{"line":4,"column":26},"end":{"line":4,"column":null}},"3":{"start":{"line":5,"column":18},"end":{"line":5,"column":null}},"4":{"start":{"line":6,"column":23},"end":{"line":6,"column":null}},"5":{"start":{"line":7,"column":57},"end":{"line":7,"column":null}},"6":{"start":{"line":8,"column":57},"end":{"line":8,"column":null}},"7":{"start":{"line":9,"column":22},"end":{"line":9,"column":null}},"8":{"start":{"line":10,"column":104},"end":{"line":10,"column":null}},"9":{"start":{"line":11,"column":25},"end":{"line":11,"column":null}},"10":{"start":{"line":12,"column":25},"end":{"line":12,"column":null}},"11":{"start":{"line":13,"column":26},"end":{"line":13,"column":null}},"12":{"start":{"line":14,"column":27},"end":{"line":14,"column":null}},"13":{"start":{"line":15,"column":23},"end":{"line":15,"column":null}},"14":{"start":{"line":65,"column":32},"end":{"line":65,"column":null}},"15":{"start":{"line":66,"column":32},"end":{"line":66,"column":null}},"16":{"start":{"line":67,"column":38},"end":{"line":67,"column":null}},"17":{"start":{"line":68,"column":26},"end":{"line":68,"column":null}},"18":{"start":{"line":69,"column":17},"end":{"line":69,"column":null}},"19":{"start":{"line":70,"column":20},"end":{"line":70,"column":null}},"20":{"start":{"line":71,"column":19},"end":{"line":71,"column":null}},"21":{"start":{"line":74,"column":2},"end":{"line":84,"column":null}},"22":{"start":{"line":75,"column":22},"end":{"line":81,"column":null}},"23":{"start":{"line":76,"column":23},"end":{"line":76,"column":null}},"24":{"start":{"line":77,"column":6},"end":{"line":80,"column":null}},"25":{"start":{"line":78,"column":8},"end":{"line":78,"column":null}},"26":{"start":{"line":79,"column":8},"end":{"line":79,"column":null}},"27":{"start":{"line":83,"column":4},"end":{"line":83,"column":null}},"28":{"start":{"line":87,"column":2},"end":{"line":110,"column":null}},"29":{"start":{"line":88,"column":25},"end":{"line":107,"column":null}},"30":{"start":{"line":89,"column":6},"end":{"line":106,"column":null}},"31":{"start":{"line":90,"column":25},"end":{"line":91,"column":null}},"32":{"start":{"line":93,"column":8},"end":{"line":93,"column":null}},"33":{"start":{"line":93,"column":26},"end":{"line":93,"column":null}},"34":{"start":{"line":95,"column":21},"end":{"line":95,"column":null}},"35":{"start":{"line":96,"column":8},"end":{"line":96,"column":null}},"36":{"start":{"line":98,"column":8},"end":{"line":98,"column":null}},"37":{"start":{"line":99,"column":8},"end":{"line":103,"column":null}},"38":{"start":{"line":105,"column":8},"end":{"line":105,"column":null}},"39":{"start":{"line":109,"column":4},"end":{"line":109,"column":null}},"40":{"start":{"line":113,"column":26},"end":{"line":128,"column":null}},"41":{"start":{"line":114,"column":4},"end":{"line":127,"column":null}},"42":{"start":{"line":115,"column":30},"end":{"line":120,"column":null}},"43":{"start":{"line":122,"column":6},"end":{"line":122,"column":null}},"44":{"start":{"line":122,"column":46},"end":{"line":122,"column":null}},"45":{"start":{"line":124,"column":6},"end":{"line":124,"column":null}},"46":{"start":{"line":126,"column":6},"end":{"line":126,"column":null}},"47":{"start":{"line":131,"column":25},"end":{"line":174,"column":null}},"48":{"start":{"line":132,"column":4},"end":{"line":140,"column":null}},"49":{"start":{"line":133,"column":6},"end":{"line":137,"column":null}},"50":{"start":{"line":138,"column":6},"end":{"line":138,"column":null}},"51":{"start":{"line":139,"column":6},"end":{"line":139,"column":null}},"52":{"start":{"line":142,"column":4},"end":{"line":173,"column":null}},"53":{"start":{"line":143,"column":6},"end":{"line":165,"column":null}},"54":{"start":{"line":145,"column":26},"end":{"line":145,"column":null}},"55":{"start":{"line":147,"column":8},"end":{"line":147,"column":null}},"56":{"start":{"line":147,"column":19},"end":{"line":147,"column":null}},"57":{"start":{"line":149,"column":8},"end":{"line":149,"column":null}},"58":{"start":{"line":150,"column":8},"end":{"line":153,"column":null}},"59":{"start":{"line":156,"column":26},"end":{"line":156,"column":null}},"60":{"start":{"line":158,"column":8},"end":{"line":158,"column":null}},"61":{"start":{"line":158,"column":19},"end":{"line":158,"column":null}},"62":{"start":{"line":160,"column":8},"end":{"line":160,"column":null}},"63":{"start":{"line":161,"column":8},"end":{"line":164,"column":null}},"64":{"start":{"line":167,"column":6},"end":{"line":167,"column":null}},"65":{"start":{"line":168,"column":6},"end":{"line":172,"column":null}},"66":{"start":{"line":176,"column":2},"end":{"line":178,"column":null}},"67":{"start":{"line":180,"column":2},"end":{"line":192,"column":null}},"68":{"start":{"line":186,"column":35},"end":{"line":186,"column":null}},"69":{"start":{"line":195,"column":27},"end":{"line":197,"column":null}},"70":{"start":{"line":196,"column":4},"end":{"line":196,"column":null}},"71":{"start":{"line":200,"column":25},"end":{"line":200,"column":82}},"72":{"start":{"line":203,"column":21},"end":{"line":205,"column":27}},"73":{"start":{"line":208,"column":19},"end":{"line":208,"column":null}},"74":{"start":{"line":216,"column":53},"end":{"line":216,"column":null}},"75":{"start":{"line":364,"column":32},"end":{"line":364,"column":52}},"76":{"start":{"line":377,"column":32},"end":{"line":377,"column":54}},"77":{"start":{"line":391,"column":32},"end":{"line":391,"column":50}},"78":{"start":{"line":428,"column":28},"end":{"line":428,"column":44}},"79":{"start":{"line":451,"column":28},"end":{"line":451,"column":44}},"80":{"start":{"line":528,"column":28},"end":{"line":529,"column":null}},"81":{"start":{"line":532,"column":47},"end":{"line":532,"column":null}}},"fnMap":{"0":{"name":"CountryDetail","decl":{"start":{"line":64,"column":24},"end":{"line":64,"column":38}},"loc":{"start":{"line":64,"column":78},"end":{"line":549,"column":null}}},"1":{"name":"(anonymous_3)","decl":{"start":{"line":74,"column":12},"end":{"line":74,"column":null}},"loc":{"start":{"line":74,"column":12},"end":{"line":84,"column":5}}},"2":{"name":"(anonymous_4)","decl":{"start":{"line":75,"column":22},"end":{"line":75,"column":null}},"loc":{"start":{"line":75,"column":22},"end":{"line":81,"column":null}}},"3":{"name":"(anonymous_5)","decl":{"start":{"line":87,"column":12},"end":{"line":87,"column":null}},"loc":{"start":{"line":87,"column":12},"end":{"line":110,"column":5}}},"4":{"name":"(anonymous_6)","decl":{"start":{"line":88,"column":25},"end":{"line":88,"column":null}},"loc":{"start":{"line":88,"column":25},"end":{"line":107,"column":null}}},"5":{"name":"(anonymous_7)","decl":{"start":{"line":113,"column":26},"end":{"line":113,"column":33}},"loc":{"start":{"line":113,"column":49},"end":{"line":128,"column":null}}},"6":{"name":"(anonymous_8)","decl":{"start":{"line":131,"column":25},"end":{"line":131,"column":null}},"loc":{"start":{"line":131,"column":25},"end":{"line":174,"column":null}}},"7":{"name":"(anonymous_9)","decl":{"start":{"line":186,"column":29},"end":{"line":186,"column":35}},"loc":{"start":{"line":186,"column":35},"end":{"line":186,"column":null}}},"8":{"name":"(anonymous_10)","decl":{"start":{"line":195,"column":27},"end":{"line":195,"column":28}},"loc":{"start":{"line":195,"column":28},"end":{"line":197,"column":null}}},"9":{"name":"(anonymous_11)","decl":{"start":{"line":216,"column":47},"end":{"line":216,"column":53}},"loc":{"start":{"line":216,"column":53},"end":{"line":216,"column":null}}},"10":{"name":"(anonymous_12)","decl":{"start":{"line":363,"column":45},"end":{"line":363,"column":46}},"loc":{"start":{"line":364,"column":32},"end":{"line":364,"column":52}}},"11":{"name":"(anonymous_13)","decl":{"start":{"line":376,"column":51},"end":{"line":376,"column":52}},"loc":{"start":{"line":377,"column":32},"end":{"line":377,"column":54}}},"12":{"name":"(anonymous_14)","decl":{"start":{"line":390,"column":51},"end":{"line":390,"column":52}},"loc":{"start":{"line":391,"column":32},"end":{"line":391,"column":50}}},"13":{"name":"(anonymous_15)","decl":{"start":{"line":427,"column":64},"end":{"line":427,"column":65}},"loc":{"start":{"line":428,"column":28},"end":{"line":428,"column":44}}},"14":{"name":"(anonymous_16)","decl":{"start":{"line":450,"column":58},"end":{"line":450,"column":59}},"loc":{"start":{"line":451,"column":28},"end":{"line":451,"column":44}}},"15":{"name":"(anonymous_17)","decl":{"start":{"line":527,"column":45},"end":{"line":527,"column":46}},"loc":{"start":{"line":528,"column":28},"end":{"line":529,"column":null}}},"16":{"name":"(anonymous_18)","decl":{"start":{"line":532,"column":41},"end":{"line":532,"column":47}},"loc":{"start":{"line":532,"column":47},"end":{"line":532,"column":null}}}},"branchMap":{"0":{"loc":{"start":{"line":77,"column":6},"end":{"line":80,"column":null}},"type":"if","locations":[{"start":{"line":77,"column":6},"end":{"line":80,"column":null}}]},"1":{"loc":{"start":{"line":93,"column":8},"end":{"line":93,"column":null}},"type":"if","locations":[{"start":{"line":93,"column":8},"end":{"line":93,"column":null}}]},"2":{"loc":{"start":{"line":122,"column":6},"end":{"line":122,"column":null}},"type":"if","locations":[{"start":{"line":122,"column":6},"end":{"line":122,"column":null}}]},"3":{"loc":{"start":{"line":122,"column":10},"end":{"line":122,"column":46}},"type":"binary-expr","locations":[{"start":{"line":122,"column":10},"end":{"line":122,"column":19}},{"start":{"line":122,"column":19},"end":{"line":122,"column":46}}]},"4":{"loc":{"start":{"line":132,"column":4},"end":{"line":140,"column":null}},"type":"if","locations":[{"start":{"line":132,"column":4},"end":{"line":140,"column":null}}]},"5":{"loc":{"start":{"line":143,"column":6},"end":{"line":165,"column":null}},"type":"if","locations":[{"start":{"line":143,"column":6},"end":{"line":165,"column":null}},{"start":{"line":154,"column":13},"end":{"line":165,"column":null}}]},"6":{"loc":{"start":{"line":147,"column":8},"end":{"line":147,"column":null}},"type":"if","locations":[{"start":{"line":147,"column":8},"end":{"line":147,"column":null}}]},"7":{"loc":{"start":{"line":158,"column":8},"end":{"line":158,"column":null}},"type":"if","locations":[{"start":{"line":158,"column":8},"end":{"line":158,"column":null}}]},"8":{"loc":{"start":{"line":176,"column":2},"end":{"line":178,"column":null}},"type":"if","locations":[{"start":{"line":176,"column":2},"end":{"line":178,"column":null}}]},"9":{"loc":{"start":{"line":180,"column":2},"end":{"line":192,"column":null}},"type":"if","locations":[{"start":{"line":180,"column":2},"end":{"line":192,"column":null}}]},"10":{"loc":{"start":{"line":200,"column":25},"end":{"line":200,"column":82}},"type":"cond-expr","locations":[{"start":{"line":200,"column":45},"end":{"line":200,"column":80}},{"start":{"line":200,"column":80},"end":{"line":200,"column":82}}]},"11":{"loc":{"start":{"line":203,"column":21},"end":{"line":205,"column":27}},"type":"cond-expr","locations":[{"start":{"line":204,"column":8},"end":{"line":204,"column":80}},{"start":{"line":205,"column":8},"end":{"line":205,"column":27}}]},"12":{"loc":{"start":{"line":204,"column":8},"end":{"line":204,"column":80}},"type":"binary-expr","locations":[{"start":{"line":204,"column":8},"end":{"line":204,"column":61}},{"start":{"line":204,"column":61},"end":{"line":204,"column":80}}]},"13":{"loc":{"start":{"line":208,"column":19},"end":{"line":208,"column":null}},"type":"cond-expr","locations":[{"start":{"line":208,"column":38},"end":{"line":208,"column":72}},{"start":{"line":208,"column":75},"end":{"line":208,"column":null}}]},"14":{"loc":{"start":{"line":220,"column":29},"end":{"line":220,"column":65}},"type":"cond-expr","locations":[{"start":{"line":220,"column":42},"end":{"line":220,"column":54}},{"start":{"line":220,"column":54},"end":{"line":220,"column":65}}]},"15":{"loc":{"start":{"line":221,"column":48},"end":{"line":221,"column":82}},"type":"cond-expr","locations":[{"start":{"line":221,"column":61},"end":{"line":221,"column":78}},{"start":{"line":221,"column":78},"end":{"line":221,"column":82}}]},"16":{"loc":{"start":{"line":222,"column":15},"end":{"line":222,"column":null}},"type":"cond-expr","locations":[{"start":{"line":222,"column":28},"end":{"line":222,"column":54}},{"start":{"line":222,"column":54},"end":{"line":222,"column":null}}]},"17":{"loc":{"start":{"line":230,"column":25},"end":{"line":230,"column":63}},"type":"binary-expr","locations":[{"start":{"line":230,"column":25},"end":{"line":230,"column":42}},{"start":{"line":230,"column":46},"end":{"line":230,"column":63}}]},"18":{"loc":{"start":{"line":231,"column":25},"end":{"line":231,"column":78}},"type":"binary-expr","locations":[{"start":{"line":231,"column":25},"end":{"line":231,"column":42}},{"start":{"line":231,"column":46},"end":{"line":231,"column":78}}]},"19":{"loc":{"start":{"line":238,"column":15},"end":{"line":238,"column":null}},"type":"binary-expr","locations":[{"start":{"line":238,"column":15},"end":{"line":238,"column":null}}]},"20":{"loc":{"start":{"line":242,"column":31},"end":{"line":242,"column":null}},"type":"binary-expr","locations":[{"start":{"line":242,"column":31},"end":{"line":242,"column":53}},{"start":{"line":242,"column":57},"end":{"line":242,"column":null}}]},"21":{"loc":{"start":{"line":256,"column":15},"end":{"line":256,"column":49}},"type":"binary-expr","locations":[{"start":{"line":256,"column":15},"end":{"line":256,"column":49}}]},"22":{"loc":{"start":{"line":266,"column":45},"end":{"line":266,"column":null}},"type":"binary-expr","locations":[{"start":{"line":266,"column":45},"end":{"line":266,"column":76}},{"start":{"line":266,"column":76},"end":{"line":266,"column":null}}]},"23":{"loc":{"start":{"line":273,"column":61},"end":{"line":273,"column":null}},"type":"cond-expr","locations":[{"start":{"line":273,"column":81},"end":{"line":273,"column":105}},{"start":{"line":273,"column":108},"end":{"line":273,"column":null}}]},"24":{"loc":{"start":{"line":287,"column":47},"end":{"line":287,"column":null}},"type":"cond-expr","locations":[{"start":{"line":287,"column":75},"end":{"line":287,"column":103}},{"start":{"line":287,"column":103},"end":{"line":287,"column":null}}]},"25":{"loc":{"start":{"line":294,"column":47},"end":{"line":294,"column":null}},"type":"binary-expr","locations":[{"start":{"line":294,"column":47},"end":{"line":294,"column":81}},{"start":{"line":294,"column":81},"end":{"line":294,"column":null}}]},"26":{"loc":{"start":{"line":307,"column":17},"end":{"line":307,"column":null}},"type":"binary-expr","locations":[{"start":{"line":307,"column":17},"end":{"line":307,"column":null}}]},"27":{"loc":{"start":{"line":308,"column":36},"end":{"line":308,"column":null}},"type":"cond-expr","locations":[{"start":{"line":308,"column":58},"end":{"line":308,"column":70}},{"start":{"line":308,"column":70},"end":{"line":308,"column":null}}]},"28":{"loc":{"start":{"line":309,"column":23},"end":{"line":309,"column":null}},"type":"cond-expr","locations":[{"start":{"line":309,"column":45},"end":{"line":309,"column":61}},{"start":{"line":309,"column":61},"end":{"line":309,"column":null}}]},"29":{"loc":{"start":{"line":313,"column":17},"end":{"line":313,"column":null}},"type":"binary-expr","locations":[{"start":{"line":313,"column":17},"end":{"line":313,"column":null}}]},"30":{"loc":{"start":{"line":314,"column":36},"end":{"line":314,"column":null}},"type":"cond-expr","locations":[{"start":{"line":314,"column":55},"end":{"line":314,"column":67}},{"start":{"line":314,"column":67},"end":{"line":314,"column":null}}]},"31":{"loc":{"start":{"line":315,"column":23},"end":{"line":315,"column":null}},"type":"cond-expr","locations":[{"start":{"line":315,"column":42},"end":{"line":315,"column":56}},{"start":{"line":315,"column":56},"end":{"line":315,"column":null}}]},"32":{"loc":{"start":{"line":319,"column":17},"end":{"line":319,"column":38}},"type":"binary-expr","locations":[{"start":{"line":319,"column":17},"end":{"line":319,"column":38}}]},"33":{"loc":{"start":{"line":322,"column":15},"end":{"line":322,"column":null}},"type":"binary-expr","locations":[{"start":{"line":322,"column":15},"end":{"line":322,"column":null}}]},"34":{"loc":{"start":{"line":352,"column":21},"end":{"line":352,"column":33}},"type":"binary-expr","locations":[{"start":{"line":352,"column":21},"end":{"line":352,"column":33}}]},"35":{"loc":{"start":{"line":359,"column":21},"end":{"line":359,"column":32}},"type":"binary-expr","locations":[{"start":{"line":359,"column":21},"end":{"line":359,"column":32}},{"start":{"line":359,"column":36},"end":{"line":359,"column":null}}]},"36":{"loc":{"start":{"line":372,"column":21},"end":{"line":372,"column":38}},"type":"binary-expr","locations":[{"start":{"line":372,"column":21},"end":{"line":372,"column":38}},{"start":{"line":372,"column":42},"end":{"line":372,"column":null}}]},"37":{"loc":{"start":{"line":386,"column":21},"end":{"line":386,"column":43}},"type":"binary-expr","locations":[{"start":{"line":386,"column":21},"end":{"line":386,"column":43}},{"start":{"line":386,"column":43},"end":{"line":386,"column":null}}]},"38":{"loc":{"start":{"line":400,"column":21},"end":{"line":400,"column":null}},"type":"binary-expr","locations":[{"start":{"line":400,"column":21},"end":{"line":400,"column":null}}]},"39":{"loc":{"start":{"line":410,"column":21},"end":{"line":410,"column":40}},"type":"binary-expr","locations":[{"start":{"line":410,"column":21},"end":{"line":410,"column":40}}]},"40":{"loc":{"start":{"line":420,"column":15},"end":{"line":420,"column":33}},"type":"binary-expr","locations":[{"start":{"line":420,"column":15},"end":{"line":420,"column":33}}]},"41":{"loc":{"start":{"line":433,"column":42},"end":{"line":433,"column":83}},"type":"binary-expr","locations":[{"start":{"line":433,"column":42},"end":{"line":433,"column":57}},{"start":{"line":433,"column":61},"end":{"line":433,"column":83}}]},"42":{"loc":{"start":{"line":443,"column":15},"end":{"line":443,"column":27}},"type":"binary-expr","locations":[{"start":{"line":443,"column":15},"end":{"line":443,"column":27}}]},"43":{"loc":{"start":{"line":477,"column":22},"end":{"line":486,"column":23}},"type":"cond-expr","locations":[{"start":{"line":477,"column":22},"end":{"line":486,"column":23}}]},"44":{"loc":{"start":{"line":476,"column":19},"end":{"line":476,"column":null}},"type":"binary-expr","locations":[{"start":{"line":476,"column":19},"end":{"line":476,"column":33}},{"start":{"line":476,"column":37},"end":{"line":476,"column":null}}]},"45":{"loc":{"start":{"line":489,"column":19},"end":{"line":489,"column":31}},"type":"binary-expr","locations":[{"start":{"line":489,"column":19},"end":{"line":489,"column":31}}]},"46":{"loc":{"start":{"line":491,"column":25},"end":{"line":491,"column":48}},"type":"binary-expr","locations":[{"start":{"line":491,"column":25},"end":{"line":491,"column":48}}]},"47":{"loc":{"start":{"line":502,"column":25},"end":{"line":502,"column":52}},"type":"binary-expr","locations":[{"start":{"line":502,"column":25},"end":{"line":502,"column":52}}]},"48":{"loc":{"start":{"line":526,"column":22},"end":{"line":540,"column":23}},"type":"cond-expr","locations":[{"start":{"line":526,"column":22},"end":{"line":540,"column":23}}]},"49":{"loc":{"start":{"line":525,"column":19},"end":{"line":525,"column":null}},"type":"binary-expr","locations":[{"start":{"line":525,"column":19},"end":{"line":525,"column":34}},{"start":{"line":525,"column":38},"end":{"line":525,"column":null}}]}},"s":{"0":4,"1":1,"2":1,"3":1,"4":1,"5":1,"6":1,"7":1,"8":1,"9":1,"10":1,"11":1,"12":1,"13":1,"14":7,"15":7,"16":7,"17":7,"18":7,"19":7,"20":7,"21":7,"22":4,"23":4,"24":4,"25":0,"26":0,"27":4,"28":7,"29":4,"30":4,"31":4,"32":3,"33":0,"34":3,"35":3,"36":1,"37":1,"38":4,"39":4,"40":7,"41":0,"42":0,"43":0,"44":0,"45":0,"46":0,"47":7,"48":0,"49":0,"50":0,"51":0,"52":0,"53":0,"54":0,"55":0,"56":0,"57":0,"58":0,"59":0,"60":0,"61":0,"62":0,"63":0,"64":0,"65":0,"66":7,"67":3,"68":0,"69":2,"70":2,"71":2,"72":2,"73":2,"74":0,"75":2,"76":18,"77":2,"78":2,"79":2,"80":4,"81":0},"f":{"0":7,"1":4,"2":4,"3":4,"4":4,"5":0,"6":0,"7":0,"8":2,"9":0,"10":2,"11":18,"12":2,"13":2,"14":2,"15":4,"16":0},"b":{"0":[0],"1":[0],"2":[0],"3":[0,0],"4":[0],"5":[0,0],"6":[0],"7":[0],"8":[4],"9":[1],"10":[2,0],"11":[2,0],"12":[2,0],"13":[2,0],"14":[0,2],"15":[0,2],"16":[0,2],"17":[2,0],"18":[2,0],"19":[2],"20":[2,0],"21":[2],"22":[2,0],"23":[2,0],"24":[2,0],"25":[2,0],"26":[2],"27":[2,0],"28":[2,0],"29":[2],"30":[2,0],"31":[2,0],"32":[2],"33":[2],"34":[2],"35":[2,2],"36":[2,2],"37":[2,2],"38":[2],"39":[2],"40":[2],"41":[2,2],"42":[2],"43":[2],"44":[2,2],"45":[2],"46":[2],"47":[2],"48":[2],"49":[2,2]}}
,"C:\\Users\\dinet\\WebstormProjects\\af-2-DinethRashmikaHeshan\\app\\favorites\\page.tsx": {"path":"C:\\Users\\dinet\\WebstormProjects\\af-2-DinethRashmikaHeshan\\app\\favorites\\page.tsx","statementMap":{"0":{"start":{"line":31,"column":24},"end":{"line":31,"column":null}},"1":{"start":{"line":3,"column":36},"end":{"line":3,"column":null}},"2":{"start":{"line":4,"column":26},"end":{"line":4,"column":null}},"3":{"start":{"line":5,"column":23},"end":{"line":5,"column":null}},"4":{"start":{"line":6,"column":26},"end":{"line":6,"column":null}},"5":{"start":{"line":7,"column":24},"end":{"line":7,"column":null}},"6":{"start":{"line":8,"column":25},"end":{"line":8,"column":null}},"7":{"start":{"line":9,"column":25},"end":{"line":9,"column":null}},"8":{"start":{"line":10,"column":26},"end":{"line":10,"column":null}},"9":{"start":{"line":11,"column":27},"end":{"line":11,"column":null}},"10":{"start":{"line":32,"column":52},"end":{"line":32,"column":null}},"11":{"start":{"line":33,"column":32},"end":{"line":33,"column":null}},"12":{"start":{"line":34,"column":26},"end":{"line":34,"column":null}},"13":{"start":{"line":35,"column":17},"end":{"line":35,"column":null}},"14":{"start":{"line":36,"column":20},"end":{"line":36,"column":null}},"15":{"start":{"line":39,"column":2},"end":{"line":52,"column":null}},"16":{"start":{"line":40,"column":22},"end":{"line":49,"column":null}},"17":{"start":{"line":41,"column":23},"end":{"line":41,"column":null}},"18":{"start":{"line":42,"column":6},"end":{"line":48,"column":null}},"19":{"start":{"line":43,"column":8},"end":{"line":43,"column":null}},"20":{"start":{"line":44,"column":8},"end":{"line":44,"column":null}},"21":{"start":{"line":47,"column":8},"end":{"line":47,"column":null}},"22":{"start":{"line":51,"column":4},"end":{"line":51,"column":null}},"23":{"start":{"line":55,"column":25},"end":{"line":90,"column":null}},"24":{"start":{"line":56,"column":4},"end":{"line":89,"column":null}},"25":{"start":{"line":58,"column":61},"end":{"line":61,"column":null}},"26":{"start":{"line":63,"column":6},"end":{"line":63,"column":null}},"27":{"start":{"line":63,"column":26},"end":{"line":63,"column":null}},"28":{"start":{"line":65,"column":6},"end":{"line":79,"column":null}},"29":{"start":{"line":67,"column":29},"end":{"line":67,"column":null}},"30":{"start":{"line":67,"column":56},"end":{"line":67,"column":72}},"31":{"start":{"line":70,"column":34},"end":{"line":75,"column":null}},"32":{"start":{"line":71,"column":27},"end":{"line":71,"column":null}},"33":{"start":{"line":72,"column":10},"end":{"line":72,"column":null}},"34":{"start":{"line":72,"column":28},"end":{"line":72,"column":null}},"35":{"start":{"line":73,"column":23},"end":{"line":73,"column":null}},"36":{"start":{"line":74,"column":10},"end":{"line":74,"column":null}},"37":{"start":{"line":77,"column":30},"end":{"line":77,"column":null}},"38":{"start":{"line":78,"column":8},"end":{"line":78,"column":null}},"39":{"start":{"line":81,"column":6},"end":{"line":81,"column":null}},"40":{"start":{"line":82,"column":6},"end":{"line":86,"column":null}},"41":{"start":{"line":88,"column":6},"end":{"line":88,"column":null}},"42":{"start":{"line":93,"column":30},"end":{"line":114,"column":null}},"43":{"start":{"line":94,"column":4},"end":{"line":113,"column":null}},"44":{"start":{"line":95,"column":24},"end":{"line":95,"column":null}},"45":{"start":{"line":97,"column":6},"end":{"line":97,"column":null}},"46":{"start":{"line":97,"column":17},"end":{"line":97,"column":null}},"47":{"start":{"line":100,"column":6},"end":{"line":100,"column":null}},"48":{"start":{"line":100,"column":65},"end":{"line":100,"column":null}},"49":{"start":{"line":102,"column":6},"end":{"line":105,"column":null}},"50":{"start":{"line":107,"column":6},"end":{"line":107,"column":null}},"51":{"start":{"line":108,"column":6},"end":{"line":112,"column":null}},"52":{"start":{"line":116,"column":2},"end":{"line":118,"column":null}},"53":{"start":{"line":120,"column":2},"end":{"line":122,"column":null}},"54":{"start":{"line":131,"column":53},"end":{"line":131,"column":80}},"55":{"start":{"line":141,"column":14},"end":{"line":142,"column":null}},"56":{"start":{"line":145,"column":40},"end":{"line":145,"column":null}},"57":{"start":{"line":146,"column":37},"end":{"line":146,"column":null}},"58":{"start":{"line":153,"column":35},"end":{"line":153,"column":62}}},"fnMap":{"0":{"name":"Favorites","decl":{"start":{"line":31,"column":24},"end":{"line":31,"column":null}},"loc":{"start":{"line":31,"column":24},"end":{"line":159,"column":null}}},"1":{"name":"(anonymous_3)","decl":{"start":{"line":39,"column":12},"end":{"line":39,"column":null}},"loc":{"start":{"line":39,"column":12},"end":{"line":52,"column":5}}},"2":{"name":"(anonymous_4)","decl":{"start":{"line":40,"column":22},"end":{"line":40,"column":null}},"loc":{"start":{"line":40,"column":22},"end":{"line":49,"column":null}}},"3":{"name":"(anonymous_5)","decl":{"start":{"line":55,"column":25},"end":{"line":55,"column":32}},"loc":{"start":{"line":55,"column":32},"end":{"line":90,"column":null}}},"4":{"name":"(anonymous_6)","decl":{"start":{"line":67,"column":47},"end":{"line":67,"column":48}},"loc":{"start":{"line":67,"column":56},"end":{"line":67,"column":72}}},"5":{"name":"(anonymous_7)","decl":{"start":{"line":70,"column":51},"end":{"line":70,"column":58}},"loc":{"start":{"line":70,"column":58},"end":{"line":75,"column":null}}},"6":{"name":"(anonymous_8)","decl":{"start":{"line":93,"column":30},"end":{"line":93,"column":37}},"loc":{"start":{"line":93,"column":37},"end":{"line":114,"column":null}}},"7":{"name":"(anonymous_9)","decl":{"start":{"line":100,"column":52},"end":{"line":100,"column":53}},"loc":{"start":{"line":100,"column":65},"end":{"line":100,"column":null}}},"8":{"name":"(anonymous_10)","decl":{"start":{"line":131,"column":47},"end":{"line":131,"column":53}},"loc":{"start":{"line":131,"column":53},"end":{"line":131,"column":80}}},"9":{"name":"(anonymous_11)","decl":{"start":{"line":140,"column":35},"end":{"line":140,"column":36}},"loc":{"start":{"line":141,"column":14},"end":{"line":142,"column":null}}},"10":{"name":"(anonymous_12)","decl":{"start":{"line":145,"column":34},"end":{"line":145,"column":40}},"loc":{"start":{"line":145,"column":40},"end":{"line":145,"column":null}}},"11":{"name":"(anonymous_13)","decl":{"start":{"line":146,"column":31},"end":{"line":146,"column":37}},"loc":{"start":{"line":146,"column":37},"end":{"line":146,"column":null}}},"12":{"name":"(anonymous_14)","decl":{"start":{"line":153,"column":29},"end":{"line":153,"column":35}},"loc":{"start":{"line":153,"column":35},"end":{"line":153,"column":62}}}},"branchMap":{"0":{"loc":{"start":{"line":42,"column":6},"end":{"line":48,"column":null}},"type":"if","locations":[{"start":{"line":42,"column":6},"end":{"line":48,"column":null}},{"start":{"line":45,"column":13},"end":{"line":48,"column":null}}]},"1":{"loc":{"start":{"line":63,"column":6},"end":{"line":63,"column":null}},"type":"if","locations":[{"start":{"line":63,"column":6},"end":{"line":63,"column":null}}]},"2":{"loc":{"start":{"line":65,"column":6},"end":{"line":79,"column":null}},"type":"if","locations":[{"start":{"line":65,"column":6},"end":{"line":79,"column":null}}]},"3":{"loc":{"start":{"line":65,"column":10},"end":{"line":65,"column":53}},"type":"binary-expr","locations":[{"start":{"line":65,"column":10},"end":{"line":65,"column":27}},{"start":{"line":65,"column":27},"end":{"line":65,"column":53}}]},"4":{"loc":{"start":{"line":72,"column":10},"end":{"line":72,"column":null}},"type":"if","locations":[{"start":{"line":72,"column":10},"end":{"line":72,"column":null}}]},"5":{"loc":{"start":{"line":97,"column":6},"end":{"line":97,"column":null}},"type":"if","locations":[{"start":{"line":97,"column":6},"end":{"line":97,"column":null}}]},"6":{"loc":{"start":{"line":116,"column":2},"end":{"line":118,"column":null}},"type":"if","locations":[{"start":{"line":116,"column":2},"end":{"line":118,"column":null}}]},"7":{"loc":{"start":{"line":120,"column":2},"end":{"line":122,"column":null}},"type":"if","locations":[{"start":{"line":120,"column":2},"end":{"line":122,"column":null}}]},"8":{"loc":{"start":{"line":139,"column":10},"end":{"line":151,"column":11}},"type":"cond-expr","locations":[{"start":{"line":139,"column":10},"end":{"line":151,"column":11}}]}},"s":{"0":1,"1":1,"2":1,"3":1,"4":1,"5":1,"6":1,"7":1,"8":1,"9":1,"10":1,"11":1,"12":1,"13":1,"14":1,"15":1,"16":1,"17":1,"18":1,"19":0,"20":0,"21":1,"22":1,"23":1,"24":0,"25":0,"26":0,"27":0,"28":0,"29":0,"30":0,"31":0,"32":0,"33":0,"34":0,"35":0,"36":0,"37":0,"38":0,"39":0,"40":0,"41":0,"42":1,"43":0,"44":0,"45":0,"46":0,"47":0,"48":0,"49":0,"50":0,"51":0,"52":1,"53":0,"54":0,"55":0,"56":0,"57":0,"58":0},"f":{"0":1,"1":1,"2":1,"3":0,"4":0,"5":0,"6":0,"7":0,"8":0,"9":0,"10":0,"11":0,"12":0},"b":{"0":[0,1],"1":[0],"2":[0],"3":[0,0],"4":[0],"5":[0],"6":[1],"7":[0],"8":[0]}}
,"C:\\Users\\dinet\\WebstormProjects\\af-2-DinethRashmikaHeshan\\app\\login\\page.tsx": {"path":"C:\\Users\\dinet\\WebstormProjects\\af-2-DinethRashmikaHeshan\\app\\login\\page.tsx","statementMap":{"0":{"start":{"line":20,"column":24},"end":{"line":20,"column":null}},"1":{"start":{"line":5,"column":36},"end":{"line":5,"column":null}},"2":{"start":{"line":6,"column":26},"end":{"line":6,"column":null}},"3":{"start":{"line":7,"column":23},"end":{"line":7,"column":null}},"4":{"start":{"line":8,"column":22},"end":{"line":8,"column":null}},"5":{"start":{"line":9,"column":86},"end":{"line":9,"column":null}},"6":{"start":{"line":10,"column":57},"end":{"line":10,"column":null}},"7":{"start":{"line":11,"column":22},"end":{"line":11,"column":null}},"8":{"start":{"line":12,"column":40},"end":{"line":12,"column":null}},"9":{"start":{"line":13,"column":28},"end":{"line":13,"column":null}},"10":{"start":{"line":14,"column":26},"end":{"line":14,"column":null}},"11":{"start":{"line":15,"column":25},"end":{"line":15,"column":null}},"12":{"start":{"line":16,"column":26},"end":{"line":16,"column":null}},"13":{"start":{"line":17,"column":31},"end":{"line":17,"column":null}},"14":{"start":{"line":18,"column":27},"end":{"line":18,"column":null}},"15":{"start":{"line":21,"column":28},"end":{"line":21,"column":null}},"16":{"start":{"line":22,"column":34},"end":{"line":22,"column":null}},"17":{"start":{"line":23,"column":32},"end":{"line":23,"column":null}},"18":{"start":{"line":24,"column":44},"end":{"line":24,"column":null}},"19":{"start":{"line":25,"column":52},"end":{"line":25,"column":null}},"20":{"start":{"line":26,"column":28},"end":{"line":26,"column":null}},"21":{"start":{"line":27,"column":32},"end":{"line":27,"column":null}},"22":{"start":{"line":28,"column":17},"end":{"line":28,"column":null}},"23":{"start":{"line":31,"column":2},"end":{"line":41,"column":null}},"24":{"start":{"line":32,"column":22},"end":{"line":38,"column":null}},"25":{"start":{"line":33,"column":23},"end":{"line":33,"column":null}},"26":{"start":{"line":34,"column":6},"end":{"line":37,"column":null}},"27":{"start":{"line":36,"column":8},"end":{"line":36,"column":null}},"28":{"start":{"line":40,"column":4},"end":{"line":40,"column":null}},"29":{"start":{"line":43,"column":23},"end":{"line":65,"column":null}},"30":{"start":{"line":44,"column":4},"end":{"line":44,"column":null}},"31":{"start":{"line":45,"column":4},"end":{"line":45,"column":null}},"32":{"start":{"line":46,"column":4},"end":{"line":46,"column":null}},"33":{"start":{"line":48,"column":4},"end":{"line":64,"column":null}},"34":{"start":{"line":49,"column":24},"end":{"line":55,"column":null}},"35":{"start":{"line":57,"column":6},"end":{"line":57,"column":null}},"36":{"start":{"line":57,"column":17},"end":{"line":57,"column":null}},"37":{"start":{"line":59,"column":6},"end":{"line":59,"column":null}},"38":{"start":{"line":61,"column":6},"end":{"line":61,"column":null}},"39":{"start":{"line":63,"column":6},"end":{"line":63,"column":null}},"40":{"start":{"line":67,"column":23},"end":{"line":86,"column":null}},"41":{"start":{"line":68,"column":4},"end":{"line":68,"column":null}},"42":{"start":{"line":69,"column":4},"end":{"line":69,"column":null}},"43":{"start":{"line":70,"column":4},"end":{"line":70,"column":null}},"44":{"start":{"line":72,"column":4},"end":{"line":85,"column":null}},"45":{"start":{"line":73,"column":24},"end":{"line":76,"column":null}},"46":{"start":{"line":78,"column":6},"end":{"line":78,"column":null}},"47":{"start":{"line":78,"column":17},"end":{"line":78,"column":null}},"48":{"start":{"line":80,"column":6},"end":{"line":80,"column":null}},"49":{"start":{"line":81,"column":6},"end":{"line":81,"column":null}},"50":{"start":{"line":83,"column":6},"end":{"line":83,"column":null}},"51":{"start":{"line":84,"column":6},"end":{"line":84,"column":null}},"52":{"start":{"line":88,"column":29},"end":{"line":107,"column":null}},"53":{"start":{"line":89,"column":4},"end":{"line":89,"column":null}},"54":{"start":{"line":90,"column":4},"end":{"line":90,"column":null}},"55":{"start":{"line":92,"column":4},"end":{"line":106,"column":null}},"56":{"start":{"line":93,"column":24},"end":{"line":98,"column":null}},"57":{"start":{"line":100,"column":6},"end":{"line":100,"column":null}},"58":{"start":{"line":100,"column":17},"end":{"line":100,"column":null}},"59":{"start":{"line":104,"column":6},"end":{"line":104,"column":null}},"60":{"start":{"line":105,"column":6},"end":{"line":105,"column":null}},"61":{"start":{"line":109,"column":2},"end":{"line":111,"column":null}},"62":{"start":{"line":183,"column":39},"end":{"line":183,"column":null}},"63":{"start":{"line":193,"column":39},"end":{"line":193,"column":null}},"64":{"start":{"line":227,"column":39},"end":{"line":227,"column":null}},"65":{"start":{"line":237,"column":39},"end":{"line":237,"column":null}}},"fnMap":{"0":{"name":"Login","decl":{"start":{"line":20,"column":24},"end":{"line":20,"column":null}},"loc":{"start":{"line":20,"column":24},"end":{"line":278,"column":null}}},"1":{"name":"(anonymous_3)","decl":{"start":{"line":31,"column":12},"end":{"line":31,"column":null}},"loc":{"start":{"line":31,"column":12},"end":{"line":41,"column":5}}},"2":{"name":"(anonymous_4)","decl":{"start":{"line":32,"column":22},"end":{"line":32,"column":null}},"loc":{"start":{"line":32,"column":22},"end":{"line":38,"column":null}}},"3":{"name":"(anonymous_5)","decl":{"start":{"line":43,"column":23},"end":{"line":43,"column":30}},"loc":{"start":{"line":43,"column":30},"end":{"line":65,"column":null}}},"4":{"name":"(anonymous_6)","decl":{"start":{"line":67,"column":23},"end":{"line":67,"column":30}},"loc":{"start":{"line":67,"column":30},"end":{"line":86,"column":null}}},"5":{"name":"(anonymous_7)","decl":{"start":{"line":88,"column":29},"end":{"line":88,"column":null}},"loc":{"start":{"line":88,"column":29},"end":{"line":107,"column":null}}},"6":{"name":"(anonymous_8)","decl":{"start":{"line":183,"column":32},"end":{"line":183,"column":33}},"loc":{"start":{"line":183,"column":39},"end":{"line":183,"column":null}}},"7":{"name":"(anonymous_9)","decl":{"start":{"line":193,"column":32},"end":{"line":193,"column":33}},"loc":{"start":{"line":193,"column":39},"end":{"line":193,"column":null}}},"8":{"name":"(anonymous_10)","decl":{"start":{"line":227,"column":32},"end":{"line":227,"column":33}},"loc":{"start":{"line":227,"column":39},"end":{"line":227,"column":null}}},"9":{"name":"(anonymous_11)","decl":{"start":{"line":237,"column":32},"end":{"line":237,"column":33}},"loc":{"start":{"line":237,"column":39},"end":{"line":237,"column":null}}}},"branchMap":{"0":{"loc":{"start":{"line":34,"column":6},"end":{"line":37,"column":null}},"type":"if","locations":[{"start":{"line":34,"column":6},"end":{"line":37,"column":null}}]},"1":{"loc":{"start":{"line":57,"column":6},"end":{"line":57,"column":null}},"type":"if","locations":[{"start":{"line":57,"column":6},"end":{"line":57,"column":null}}]},"2":{"loc":{"start":{"line":61,"column":15},"end":{"line":61,"column":null}},"type":"binary-expr","locations":[{"start":{"line":61,"column":15},"end":{"line":61,"column":28}},{"start":{"line":61,"column":32},"end":{"line":61,"column":null}}]},"3":{"loc":{"start":{"line":78,"column":6},"end":{"line":78,"column":null}},"type":"if","locations":[{"start":{"line":78,"column":6},"end":{"line":78,"column":null}}]},"4":{"loc":{"start":{"line":83,"column":15},"end":{"line":83,"column":null}},"type":"binary-expr","locations":[{"start":{"line":83,"column":15},"end":{"line":83,"column":28}},{"start":{"line":83,"column":32},"end":{"line":83,"column":null}}]},"5":{"loc":{"start":{"line":100,"column":6},"end":{"line":100,"column":null}},"type":"if","locations":[{"start":{"line":100,"column":6},"end":{"line":100,"column":null}}]},"6":{"loc":{"start":{"line":104,"column":15},"end":{"line":104,"column":null}},"type":"binary-expr","locations":[{"start":{"line":104,"column":15},"end":{"line":104,"column":28}},{"start":{"line":104,"column":32},"end":{"line":104,"column":null}}]},"7":{"loc":{"start":{"line":109,"column":2},"end":{"line":111,"column":null}},"type":"if","locations":[{"start":{"line":109,"column":2},"end":{"line":111,"column":null}}]},"8":{"loc":{"start":{"line":133,"column":18},"end":{"line":135,"column":19}},"type":"cond-expr","locations":[{"start":{"line":133,"column":18},"end":{"line":135,"column":19}}]},"9":{"loc":{"start":{"line":198,"column":19},"end":{"line":198,"column":null}},"type":"binary-expr","locations":[{"start":{"line":198,"column":19},"end":{"line":198,"column":null}}]},"10":{"loc":{"start":{"line":206,"column":21},"end":{"line":212,"column":null}},"type":"cond-expr","locations":[{"start":{"line":207,"column":22},"end":{"line":212,"column":null}},{"start":{"line":212,"column":22},"end":{"line":212,"column":null}}]},"11":{"loc":{"start":{"line":242,"column":19},"end":{"line":242,"column":null}},"type":"binary-expr","locations":[{"start":{"line":242,"column":19},"end":{"line":242,"column":null}}]},"12":{"loc":{"start":{"line":249,"column":19},"end":{"line":249,"column":null}},"type":"binary-expr","locations":[{"start":{"line":249,"column":19},"end":{"line":249,"column":null}}]},"13":{"loc":{"start":{"line":256,"column":21},"end":{"line":262,"column":null}},"type":"cond-expr","locations":[{"start":{"line":257,"column":22},"end":{"line":262,"column":null}},{"start":{"line":262,"column":22},"end":{"line":262,"column":null}}]}},"s":{"0":3,"1":1,"2":1,"3":1,"4":1,"5":1,"6":1,"7":1,"8":1,"9":1,"10":1,"11":1,"12":1,"13":1,"14":1,"15":3,"16":3,"17":3,"18":3,"19":3,"20":3,"21":3,"22":3,"23":3,"24":3,"25":3,"26":3,"27":1,"28":3,"29":3,"30":0,"31":0,"32":0,"33":0,"34":0,"35":0,"36":0,"37":0,"38":0,"39":0,"40":3,"41":0,"42":0,"43":0,"44":0,"45":0,"46":0,"47":0,"48":0,"49":0,"50":0,"51":0,"52":3,"53":0,"54":0,"55":0,"56":0,"57":0,"58":0,"59":0,"60":0,"61":3,"62":0,"63":0,"64":0,"65":0},"f":{"0":3,"1":3,"2":3,"3":0,"4":0,"5":0,"6":0,"7":0,"8":0,"9":0},"b":{"0":[1],"1":[0],"2":[0,0],"3":[0],"4":[0,0],"5":[0],"6":[0,0],"7":[0],"8":[0],"9":[3],"10":[0,3],"11":[3],"12":[3],"13":[0,3]}}
,"C:\\Users\\dinet\\WebstormProjects\\af-2-DinethRashmikaHeshan\\components\\country-card.tsx": {"path":"C:\\Users\\dinet\\WebstormProjects\\af-2-DinethRashmikaHeshan\\components\\country-card.tsx","statementMap":{"0":{"start":{"line":31,"column":24},"end":{"line":31,"column":36}},"1":{"start":{"line":3,"column":18},"end":{"line":3,"column":null}},"2":{"start":{"line":4,"column":46},"end":{"line":4,"column":null}},"3":{"start":{"line":5,"column":23},"end":{"line":5,"column":null}},"4":{"start":{"line":6,"column":36},"end":{"line":6,"column":null}},"5":{"start":{"line":33,"column":27},"end":{"line":35,"column":null}},"6":{"start":{"line":34,"column":4},"end":{"line":34,"column":null}}},"fnMap":{"0":{"name":"CountryCard","decl":{"start":{"line":31,"column":24},"end":{"line":31,"column":36}},"loc":{"start":{"line":31,"column":110},"end":{"line":76,"column":null}}},"1":{"name":"(anonymous_3)","decl":{"start":{"line":33,"column":27},"end":{"line":33,"column":28}},"loc":{"start":{"line":33,"column":28},"end":{"line":35,"column":null}}}},"branchMap":{"0":{"loc":{"start":{"line":41,"column":15},"end":{"line":41,"column":53}},"type":"binary-expr","locations":[{"start":{"line":41,"column":15},"end":{"line":41,"column":32}},{"start":{"line":41,"column":36},"end":{"line":41,"column":53}}]},"1":{"loc":{"start":{"line":42,"column":15},"end":{"line":42,"column":68}},"type":"binary-expr","locations":[{"start":{"line":42,"column":15},"end":{"line":42,"column":32}},{"start":{"line":42,"column":36},"end":{"line":42,"column":68}}]},"2":{"loc":{"start":{"line":53,"column":39},"end":{"line":53,"column":null}},"type":"binary-expr","locations":[{"start":{"line":53,"column":39},"end":{"line":53,"column":70}},{"start":{"line":53,"column":70},"end":{"line":53,"column":null}}]},"3":{"loc":{"start":{"line":69,"column":25},"end":{"line":69,"column":61}},"type":"cond-expr","locations":[{"start":{"line":69,"column":38},"end":{"line":69,"column":50}},{"start":{"line":69,"column":50},"end":{"line":69,"column":61}}]},"4":{"loc":{"start":{"line":70,"column":44},"end":{"line":70,"column":78}},"type":"cond-expr","locations":[{"start":{"line":70,"column":57},"end":{"line":70,"column":74}},{"start":{"line":70,"column":74},"end":{"line":70,"column":78}}]},"5":{"loc":{"start":{"line":71,"column":11},"end":{"line":71,"column":null}},"type":"cond-expr","locations":[{"start":{"line":71,"column":24},"end":{"line":71,"column":34}},{"start":{"line":71,"column":34},"end":{"line":71,"column":null}}]}},"s":{"0":12,"1":3,"2":3,"3":3,"4":3,"5":8,"6":8},"f":{"0":8,"1":8},"b":{"0":[8,0],"1":[8,0],"2":[8,0],"3":[1,7],"4":[1,7],"5":[1,7]}}
,"C:\\Users\\dinet\\WebstormProjects\\af-2-DinethRashmikaHeshan\\components\\country-map.tsx": {"path":"C:\\Users\\dinet\\WebstormProjects\\af-2-DinethRashmikaHeshan\\components\\country-map.tsx","statementMap":{"0":{"start":{"line":13,"column":24},"end":{"line":13,"column":35}},"1":{"start":{"line":3,"column":36},"end":{"line":3,"column":null}},"2":{"start":{"line":4,"column":18},"end":{"line":4,"column":null}},"3":{"start":{"line":14,"column":32},"end":{"line":14,"column":null}},"4":{"start":{"line":16,"column":4},"end":{"line":26,"column":null}},"5":{"start":{"line":18,"column":21},"end":{"line":18,"column":null}},"6":{"start":{"line":19,"column":22},"end":{"line":19,"column":null}},"7":{"start":{"line":20,"column":23},"end":{"line":20,"column":null}},"8":{"start":{"line":23,"column":20},"end":{"line":23,"column":154}},"9":{"start":{"line":25,"column":8},"end":{"line":25,"column":null}}},"fnMap":{"0":{"name":"CountryMap","decl":{"start":{"line":13,"column":24},"end":{"line":13,"column":35}},"loc":{"start":{"line":13,"column":102},"end":{"line":45,"column":null}}},"1":{"name":"(anonymous_3)","decl":{"start":{"line":16,"column":14},"end":{"line":16,"column":null}},"loc":{"start":{"line":16,"column":14},"end":{"line":26,"column":7}}}},"branchMap":{"0":{"loc":{"start":{"line":13,"column":53},"end":{"line":13,"column":83}},"type":"default-arg","locations":[{"start":{"line":13,"column":65},"end":{"line":13,"column":83}}]},"1":{"loc":{"start":{"line":31,"column":16},"end":{"line":41,"column":17}},"type":"cond-expr","locations":[{"start":{"line":31,"column":16},"end":{"line":41,"column":17}}]},"2":{"loc":{"start":{"line":33,"column":29},"end":{"line":33,"column":null}},"type":"binary-expr","locations":[{"start":{"line":33,"column":29},"end":{"line":33,"column":39}},{"start":{"line":33,"column":39},"end":{"line":33,"column":null}}]}},"s":{"0":2,"1":1,"2":1,"3":0,"4":0,"5":0,"6":0,"7":0,"8":0,"9":0},"f":{"0":0,"1":0},"b":{"0":[0],"1":[0],"2":[0,0]}}
,"C:\\Users\\dinet\\WebstormProjects\\af-2-DinethRashmikaHeshan\\components\\loading-screen.tsx": {"path":"C:\\Users\\dinet\\WebstormProjects\\af-2-DinethRashmikaHeshan\\components\\loading-screen.tsx","statementMap":{"0":{"start":{"line":11,"column":24},"end":{"line":11,"column":38}},"1":{"start":{"line":3,"column":36},"end":{"line":3,"column":null}},"2":{"start":{"line":4,"column":23},"end":{"line":4,"column":null}},"3":{"start":{"line":5,"column":18},"end":{"line":5,"column":null}},"4":{"start":{"line":12,"column":40},"end":{"line":12,"column":null}},"5":{"start":{"line":14,"column":2},"end":{"line":23,"column":null}},"6":{"start":{"line":15,"column":21},"end":{"line":20,"column":null}},"7":{"start":{"line":16,"column":6},"end":{"line":19,"column":null}},"8":{"start":{"line":17,"column":8},"end":{"line":17,"column":null}},"9":{"start":{"line":17,"column":28},"end":{"line":17,"column":null}},"10":{"start":{"line":18,"column":8},"end":{"line":18,"column":null}},"11":{"start":{"line":22,"column":4},"end":{"line":22,"column":null}},"12":{"start":{"line":22,"column":17},"end":{"line":22,"column":null}}},"fnMap":{"0":{"name":"LoadingScreen","decl":{"start":{"line":11,"column":24},"end":{"line":11,"column":38}},"loc":{"start":{"line":11,"column":84},"end":{"line":75,"column":null}}},"1":{"name":"(anonymous_3)","decl":{"start":{"line":14,"column":12},"end":{"line":14,"column":null}},"loc":{"start":{"line":14,"column":12},"end":{"line":23,"column":5}}},"2":{"name":"(anonymous_4)","decl":{"start":{"line":15,"column":33},"end":{"line":15,"column":null}},"loc":{"start":{"line":15,"column":33},"end":{"line":20,"column":7}}},"3":{"name":"(anonymous_5)","decl":{"start":{"line":16,"column":21},"end":{"line":16,"column":22}},"loc":{"start":{"line":16,"column":22},"end":{"line":19,"column":null}}},"4":{"name":"(anonymous_6)","decl":{"start":{"line":22,"column":11},"end":{"line":22,"column":17}},"loc":{"start":{"line":22,"column":17},"end":{"line":22,"column":null}}}},"branchMap":{"0":{"loc":{"start":{"line":11,"column":40},"end":{"line":11,"column":62}},"type":"default-arg","locations":[{"start":{"line":11,"column":50},"end":{"line":11,"column":62}}]},"1":{"loc":{"start":{"line":17,"column":8},"end":{"line":17,"column":null}},"type":"if","locations":[{"start":{"line":17,"column":8},"end":{"line":17,"column":null}}]}},"s":{"0":12,"1":5,"2":5,"3":5,"4":12,"5":12,"6":9,"7":0,"8":0,"9":0,"10":0,"11":9,"12":9},"f":{"0":12,"1":9,"2":0,"3":0,"4":9},"b":{"0":[1],"1":[0]}}
,"C:\\Users\\dinet\\WebstormProjects\\af-2-DinethRashmikaHeshan\\components\\loading-spinner.tsx": {"path":"C:\\Users\\dinet\\WebstormProjects\\af-2-DinethRashmikaHeshan\\components\\loading-spinner.tsx","statementMap":{"0":{"start":{"line":9,"column":16},"end":{"line":9,"column":31}},"1":{"start":{"line":1,"column":24},"end":{"line":1,"column":null}},"2":{"start":{"line":2,"column":19},"end":{"line":2,"column":null}}},"fnMap":{"0":{"name":"LoadingSpinner","decl":{"start":{"line":9,"column":16},"end":{"line":9,"column":31}},"loc":{"start":{"line":9,"column":76},"end":{"line":11,"column":null}}}},"branchMap":{"0":{"loc":{"start":{"line":9,"column":33},"end":{"line":9,"column":42}},"type":"default-arg","locations":[{"start":{"line":9,"column":40},"end":{"line":9,"column":42}}]}},"s":{"0":0,"1":5,"2":5},"f":{"0":0},"b":{"0":[0]}}
,"C:\\Users\\dinet\\WebstormProjects\\af-2-DinethRashmikaHeshan\\components\\site-header.tsx": {"path":"C:\\Users\\dinet\\WebstormProjects\\af-2-DinethRashmikaHeshan\\components\\site-header.tsx","statementMap":{"0":{"start":{"line":21,"column":16},"end":{"line":21,"column":null}},"1":{"start":{"line":3,"column":36},"end":{"line":3,"column":null}},"2":{"start":{"line":5,"column":18},"end":{"line":5,"column":null}},"3":{"start":{"line":6,"column":17},"end":{"line":6,"column":null}},"4":{"start":{"line":7,"column":26},"end":{"line":7,"column":null}},"5":{"start":{"line":8,"column":23},"end":{"line":8,"column":null}},"6":{"start":{"line":15,"column":7},"end":{"line":15,"column":null}},"7":{"start":{"line":16,"column":49},"end":{"line":16,"column":null}},"8":{"start":{"line":17,"column":25},"end":{"line":17,"column":null}},"9":{"start":{"line":18,"column":25},"end":{"line":18,"column":null}},"10":{"start":{"line":19,"column":31},"end":{"line":19,"column":null}},"11":{"start":{"line":22,"column":26},"end":{"line":22,"column":null}},"12":{"start":{"line":23,"column":32},"end":{"line":23,"column":null}},"13":{"start":{"line":24,"column":38},"end":{"line":24,"column":null}},"14":{"start":{"line":25,"column":17},"end":{"line":25,"column":null}},"15":{"start":{"line":26,"column":20},"end":{"line":26,"column":null}},"16":{"start":{"line":28,"column":2},"end":{"line":44,"column":null}},"17":{"start":{"line":29,"column":22},"end":{"line":32,"column":null}},"18":{"start":{"line":30,"column":23},"end":{"line":30,"column":null}},"19":{"start":{"line":31,"column":6},"end":{"line":31,"column":null}},"20":{"start":{"line":34,"column":4},"end":{"line":34,"column":null}},"21":{"start":{"line":37,"column":35},"end":{"line":39,"column":null}},"22":{"start":{"line":38,"column":6},"end":{"line":38,"column":null}},"23":{"start":{"line":41,"column":4},"end":{"line":43,"column":null}},"24":{"start":{"line":42,"column":6},"end":{"line":42,"column":null}},"25":{"start":{"line":46,"column":23},"end":{"line":66,"column":null}},"26":{"start":{"line":47,"column":4},"end":{"line":47,"column":null}},"27":{"start":{"line":48,"column":4},"end":{"line":65,"column":null}},"28":{"start":{"line":49,"column":24},"end":{"line":49,"column":null}},"29":{"start":{"line":50,"column":6},"end":{"line":50,"column":null}},"30":{"start":{"line":50,"column":17},"end":{"line":50,"column":null}},"31":{"start":{"line":52,"column":6},"end":{"line":55,"column":null}},"32":{"start":{"line":56,"column":6},"end":{"line":56,"column":null}},"33":{"start":{"line":58,"column":6},"end":{"line":62,"column":null}},"34":{"start":{"line":64,"column":6},"end":{"line":64,"column":null}}},"fnMap":{"0":{"name":"SiteHeader","decl":{"start":{"line":21,"column":16},"end":{"line":21,"column":null}},"loc":{"start":{"line":21,"column":16},"end":{"line":186,"column":null}}},"1":{"name":"(anonymous_3)","decl":{"start":{"line":28,"column":12},"end":{"line":28,"column":null}},"loc":{"start":{"line":28,"column":12},"end":{"line":44,"column":5}}},"2":{"name":"(anonymous_4)","decl":{"start":{"line":29,"column":22},"end":{"line":29,"column":null}},"loc":{"start":{"line":29,"column":22},"end":{"line":32,"column":null}}},"3":{"name":"(anonymous_5)","decl":{"start":{"line":37,"column":67},"end":{"line":37,"column":68}},"loc":{"start":{"line":37,"column":75},"end":{"line":39,"column":null}}},"4":{"name":"(anonymous_6)","decl":{"start":{"line":41,"column":11},"end":{"line":41,"column":null}},"loc":{"start":{"line":41,"column":11},"end":{"line":43,"column":null}}},"5":{"name":"(anonymous_7)","decl":{"start":{"line":46,"column":23},"end":{"line":46,"column":null}},"loc":{"start":{"line":46,"column":23},"end":{"line":66,"column":null}}}},"branchMap":{"0":{"loc":{"start":{"line":31,"column":14},"end":{"line":31,"column":null}},"type":"binary-expr","locations":[{"start":{"line":31,"column":14},"end":{"line":31,"column":36}},{"start":{"line":31,"column":36},"end":{"line":31,"column":null}}]},"1":{"loc":{"start":{"line":38,"column":14},"end":{"line":38,"column":null}},"type":"binary-expr","locations":[{"start":{"line":38,"column":14},"end":{"line":38,"column":31}},{"start":{"line":38,"column":31},"end":{"line":38,"column":null}}]},"2":{"loc":{"start":{"line":50,"column":6},"end":{"line":50,"column":null}},"type":"if","locations":[{"start":{"line":50,"column":6},"end":{"line":50,"column":null}}]},"3":{"loc":{"start":{"line":60,"column":21},"end":{"line":60,"column":null}},"type":"binary-expr","locations":[{"start":{"line":60,"column":21},"end":{"line":60,"column":34}},{"start":{"line":60,"column":38},"end":{"line":60,"column":null}}]},"4":{"loc":{"start":{"line":89,"column":12},"end":{"line":126,"column":13}},"type":"cond-expr","locations":[{"start":{"line":89,"column":12},"end":{"line":126,"column":13}}]},"5":{"loc":{"start":{"line":100,"column":21},"end":{"line":100,"column":null}},"type":"cond-expr","locations":[{"start":{"line":100,"column":34},"end":{"line":100,"column":58}},{"start":{"line":100,"column":61},"end":{"line":100,"column":null}}]},"6":{"loc":{"start":{"line":111,"column":22},"end":{"line":116,"column":null}},"type":"cond-expr","locations":[{"start":{"line":111,"column":22},"end":{"line":116,"column":null}}]},"7":{"loc":{"start":{"line":148,"column":16},"end":{"line":174,"column":17}},"type":"cond-expr","locations":[{"start":{"line":148,"column":16},"end":{"line":174,"column":17}}]},"8":{"loc":{"start":{"line":161,"column":22},"end":{"line":166,"column":null}},"type":"cond-expr","locations":[{"start":{"line":161,"column":22},"end":{"line":166,"column":null}}]}},"s":{"0":14,"1":5,"2":5,"3":5,"4":5,"5":5,"6":5,"7":5,"8":5,"9":5,"10":5,"11":14,"12":14,"13":14,"14":14,"15":14,"16":14,"17":12,"18":12,"19":12,"20":12,"21":12,"22":0,"23":12,"24":12,"25":14,"26":0,"27":0,"28":0,"29":0,"30":0,"31":0,"32":0,"33":0,"34":0},"f":{"0":14,"1":12,"2":12,"3":0,"4":12,"5":0},"b":{"0":[12,10],"1":[0,0],"2":[0],"3":[0,0],"4":[2],"5":[2,0],"6":[0],"7":[2],"8":[0]}}
,"C:\\Users\\dinet\\WebstormProjects\\af-2-DinethRashmikaHeshan\\components\\theme-provider.tsx": {"path":"C:\\Users\\dinet\\WebstormProjects\\af-2-DinethRashmikaHeshan\\components\\theme-provider.tsx","statementMap":{"0":{"start":{"line":9,"column":16},"end":{"line":9,"column":30}},"1":{"start":{"line":3,"column":23},"end":{"line":3,"column":null}},"2":{"start":{"line":7,"column":7},"end":{"line":7,"column":null}}},"fnMap":{"0":{"name":"ThemeProvider","decl":{"start":{"line":9,"column":16},"end":{"line":9,"column":30}},"loc":{"start":{"line":9,"column":72},"end":{"line":11,"column":null}}}},"branchMap":{},"s":{"0":20,"1":7,"2":7},"f":{"0":20},"b":{}}
,"C:\\Users\\dinet\\WebstormProjects\\af-2-DinethRashmikaHeshan\\components\\ui\\alert.tsx": {"path":"C:\\Users\\dinet\\WebstormProjects\\af-2-DinethRashmikaHeshan\\components\\ui\\alert.tsx","statementMap":{"0":{"start":{"line":59,"column":9},"end":{"line":59,"column":14}},"1":{"start":{"line":59,"column":28},"end":{"line":59,"column":44}},"2":{"start":{"line":59,"column":16},"end":{"line":59,"column":26}},"3":{"start":{"line":1,"column":23},"end":{"line":1,"column":null}},"4":{"start":{"line":2,"column":39},"end":{"line":2,"column":null}},"5":{"start":{"line":4,"column":19},"end":{"line":4,"column":null}},"6":{"start":{"line":6,"column":22},"end":{"line":19,"column":null}},"7":{"start":{"line":33,"column":0},"end":{"line":33,"column":null}},"8":{"start":{"line":45,"column":0},"end":{"line":45,"column":null}},"9":{"start":{"line":57,"column":0},"end":{"line":57,"column":null}}},"fnMap":{},"branchMap":{},"s":{"0":0,"1":0,"2":0,"3":1,"4":1,"5":1,"6":1,"7":1,"8":1,"9":1},"f":{},"b":{}}
,"C:\\Users\\dinet\\WebstormProjects\\af-2-DinethRashmikaHeshan\\components\\ui\\badge.tsx": {"path":"C:\\Users\\dinet\\WebstormProjects\\af-2-DinethRashmikaHeshan\\components\\ui\\badge.tsx","statementMap":{"0":{"start":{"line":36,"column":9},"end":{"line":36,"column":14}},"1":{"start":{"line":36,"column":16},"end":{"line":36,"column":29}},"2":{"start":{"line":1,"column":23},"end":{"line":1,"column":null}},"3":{"start":{"line":2,"column":39},"end":{"line":2,"column":null}},"4":{"start":{"line":4,"column":19},"end":{"line":4,"column":null}},"5":{"start":{"line":6,"column":22},"end":{"line":23,"column":null}}},"fnMap":{"0":{"name":"Badge","decl":{"start":{"line":30,"column":9},"end":{"line":30,"column":15}},"loc":{"start":{"line":30,"column":59},"end":{"line":34,"column":null}}}},"branchMap":{},"s":{"0":28,"1":0,"2":1,"3":1,"4":1,"5":1},"f":{"0":28},"b":{}}
,"C:\\Users\\dinet\\WebstormProjects\\af-2-DinethRashmikaHeshan\\components\\ui\\button.tsx": {"path":"C:\\Users\\dinet\\WebstormProjects\\af-2-DinethRashmikaHeshan\\components\\ui\\button.tsx","statementMap":{"0":{"start":{"line":56,"column":9},"end":{"line":56,"column":15}},"1":{"start":{"line":56,"column":17},"end":{"line":56,"column":31}},"2":{"start":{"line":1,"column":23},"end":{"line":1,"column":null}},"3":{"start":{"line":2,"column":21},"end":{"line":2,"column":null}},"4":{"start":{"line":3,"column":39},"end":{"line":3,"column":null}},"5":{"start":{"line":5,"column":19},"end":{"line":5,"column":null}},"6":{"start":{"line":7,"column":23},"end":{"line":33,"column":null}},"7":{"start":{"line":42,"column":15},"end":{"line":52,"column":null}},"8":{"start":{"line":44,"column":17},"end":{"line":44,"column":null}},"9":{"start":{"line":54,"column":0},"end":{"line":54,"column":null}}},"fnMap":{"0":{"name":"(anonymous_6)","decl":{"start":{"line":43,"column":2},"end":{"line":43,"column":3}},"loc":{"start":{"line":43,"column":60},"end":{"line":52,"column":null}}}},"branchMap":{"0":{"loc":{"start":{"line":43,"column":31},"end":{"line":43,"column":46}},"type":"default-arg","locations":[{"start":{"line":43,"column":41},"end":{"line":43,"column":46}}]},"1":{"loc":{"start":{"line":44,"column":17},"end":{"line":44,"column":null}},"type":"cond-expr","locations":[{"start":{"line":44,"column":27},"end":{"line":44,"column":31}},{"start":{"line":44,"column":34},"end":{"line":44,"column":null}}]}},"s":{"0":83,"1":0,"2":6,"3":6,"4":6,"5":6,"6":6,"7":6,"8":88,"9":6},"f":{"0":88},"b":{"0":[88],"1":[0,88]}}
,"C:\\Users\\dinet\\WebstormProjects\\af-2-DinethRashmikaHeshan\\components\\ui\\card.tsx": {"path":"C:\\Users\\dinet\\WebstormProjects\\af-2-DinethRashmikaHeshan\\components\\ui\\card.tsx","statementMap":{"0":{"start":{"line":79,"column":9},"end":{"line":79,"column":13}},"1":{"start":{"line":79,"column":67},"end":{"line":79,"column":78}},"2":{"start":{"line":79,"column":50},"end":{"line":79,"column":65}},"3":{"start":{"line":79,"column":27},"end":{"line":79,"column":37}},"4":{"start":{"line":79,"column":15},"end":{"line":79,"column":25}},"5":{"start":{"line":79,"column":39},"end":{"line":79,"column":48}},"6":{"start":{"line":1,"column":23},"end":{"line":1,"column":null}},"7":{"start":{"line":3,"column":19},"end":{"line":3,"column":null}},"8":{"start":{"line":18,"column":0},"end":{"line":18,"column":null}},"9":{"start":{"line":30,"column":0},"end":{"line":30,"column":null}},"10":{"start":{"line":45,"column":0},"end":{"line":45,"column":null}},"11":{"start":{"line":57,"column":0},"end":{"line":57,"column":null}},"12":{"start":{"line":65,"column":0},"end":{"line":65,"column":null}},"13":{"start":{"line":77,"column":0},"end":{"line":77,"column":null}}},"fnMap":{},"branchMap":{},"s":{"0":26,"1":26,"2":3,"3":11,"4":18,"5":18,"6":5,"7":5,"8":5,"9":5,"10":5,"11":5,"12":5,"13":5},"f":{},"b":{}}
,"C:\\Users\\dinet\\WebstormProjects\\af-2-DinethRashmikaHeshan\\components\\ui\\dropdown-menu.tsx": {"path":"C:\\Users\\dinet\\WebstormProjects\\af-2-DinethRashmikaHeshan\\components\\ui\\dropdown-menu.tsx","statementMap":{"0":{"start":{"line":185,"column":2},"end":{"line":185,"column":14}},"1":{"start":{"line":189,"column":2},"end":{"line":189,"column":26}},"2":{"start":{"line":187,"column":2},"end":{"line":187,"column":21}},"3":{"start":{"line":194,"column":2},"end":{"line":194,"column":19}},"4":{"start":{"line":188,"column":2},"end":{"line":188,"column":18}},"5":{"start":{"line":191,"column":2},"end":{"line":191,"column":19}},"6":{"start":{"line":195,"column":2},"end":{"line":195,"column":20}},"7":{"start":{"line":199,"column":2},"end":{"line":199,"column":24}},"8":{"start":{"line":190,"column":2},"end":{"line":190,"column":23}},"9":{"start":{"line":192,"column":2},"end":{"line":192,"column":23}},"10":{"start":{"line":193,"column":2},"end":{"line":193,"column":22}},"11":{"start":{"line":196,"column":2},"end":{"line":196,"column":17}},"12":{"start":{"line":197,"column":2},"end":{"line":197,"column":24}},"13":{"start":{"line":198,"column":2},"end":{"line":198,"column":24}},"14":{"start":{"line":186,"column":2},"end":{"line":186,"column":21}},"15":{"start":{"line":3,"column":23},"end":{"line":3,"column":null}},"16":{"start":{"line":4,"column":39},"end":{"line":4,"column":null}},"17":{"start":{"line":5,"column":44},"end":{"line":5,"column":null}},"18":{"start":{"line":7,"column":19},"end":{"line":7,"column":null}},"19":{"start":{"line":9,"column":21},"end":{"line":9,"column":47}},"20":{"start":{"line":11,"column":28},"end":{"line":11,"column":57}},"21":{"start":{"line":13,"column":26},"end":{"line":13,"column":53}},"22":{"start":{"line":15,"column":27},"end":{"line":15,"column":55}},"23":{"start":{"line":17,"column":24},"end":{"line":17,"column":49}},"24":{"start":{"line":19,"column":31},"end":{"line":19,"column":63}},"25":{"start":{"line":40,"column":0},"end":{"line":41,"column":null}},"26":{"start":{"line":56,"column":0},"end":{"line":57,"column":null}},"27":{"start":{"line":75,"column":0},"end":{"line":75,"column":null}},"28":{"start":{"line":93,"column":0},"end":{"line":93,"column":null}},"29":{"start":{"line":116,"column":0},"end":{"line":117,"column":null}},"30":{"start":{"line":139,"column":0},"end":{"line":139,"column":null}},"31":{"start":{"line":157,"column":0},"end":{"line":157,"column":null}},"32":{"start":{"line":169,"column":0},"end":{"line":169,"column":null}},"33":{"start":{"line":171,"column":29},"end":{"line":181,"column":null}},"34":{"start":{"line":182,"column":0},"end":{"line":182,"column":null}}},"fnMap":{"0":{"name":"(anonymous_27)","decl":{"start":{"line":171,"column":29},"end":{"line":171,"column":30}},"loc":{"start":{"line":174,"column":40},"end":{"line":181,"column":null}}}},"branchMap":{"0":{"loc":{"start":{"line":31,"column":6},"end":{"line":31,"column":null}},"type":"binary-expr","locations":[{"start":{"line":31,"column":6},"end":{"line":31,"column":15}},{"start":{"line":31,"column":15},"end":{"line":31,"column":null}}]},"1":{"loc":{"start":{"line":62,"column":16},"end":{"line":62,"column":30}},"type":"default-arg","locations":[{"start":{"line":62,"column":29},"end":{"line":62,"column":30}}]},"2":{"loc":{"start":{"line":87,"column":6},"end":{"line":87,"column":null}},"type":"binary-expr","locations":[{"start":{"line":87,"column":6},"end":{"line":87,"column":15}},{"start":{"line":87,"column":15},"end":{"line":87,"column":null}}]},"3":{"loc":{"start":{"line":151,"column":6},"end":{"line":151,"column":null}},"type":"binary-expr","locations":[{"start":{"line":151,"column":6},"end":{"line":151,"column":15}},{"start":{"line":151,"column":15},"end":{"line":151,"column":null}}]}},"s":{"0":16,"1":0,"2":16,"3":0,"4":36,"5":0,"6":0,"7":0,"8":0,"9":4,"10":0,"11":0,"12":0,"13":0,"14":16,"15":5,"16":5,"17":5,"18":5,"19":5,"20":5,"21":5,"22":5,"23":5,"24":5,"25":5,"26":5,"27":5,"28":5,"29":5,"30":5,"31":5,"32":5,"33":5,"34":5},"f":{"0":0},"b":{"0":[0,0],"1":[16],"2":[0,0],"3":[0,0]}}
,"C:\\Users\\dinet\\WebstormProjects\\af-2-DinethRashmikaHeshan\\components\\ui\\input.tsx": {"path":"C:\\Users\\dinet\\WebstormProjects\\af-2-DinethRashmikaHeshan\\components\\ui\\input.tsx","statementMap":{"0":{"start":{"line":22,"column":9},"end":{"line":22,"column":null}},"1":{"start":{"line":1,"column":23},"end":{"line":1,"column":null}},"2":{"start":{"line":3,"column":19},"end":{"line":3,"column":null}},"3":{"start":{"line":5,"column":14},"end":{"line":18,"column":null}},"4":{"start":{"line":20,"column":0},"end":{"line":20,"column":null}}},"fnMap":{"0":{"name":"(anonymous_4)","decl":{"start":{"line":6,"column":2},"end":{"line":6,"column":3}},"loc":{"start":{"line":6,"column":34},"end":{"line":18,"column":null}}}},"branchMap":{},"s":{"0":17,"1":2,"2":2,"3":2,"4":2},"f":{"0":9},"b":{}}
,"C:\\Users\\dinet\\WebstormProjects\\af-2-DinethRashmikaHeshan\\components\\ui\\label.tsx": {"path":"C:\\Users\\dinet\\WebstormProjects\\af-2-DinethRashmikaHeshan\\components\\ui\\label.tsx","statementMap":{"0":{"start":{"line":26,"column":9},"end":{"line":26,"column":null}},"1":{"start":{"line":3,"column":23},"end":{"line":3,"column":null}},"2":{"start":{"line":4,"column":32},"end":{"line":4,"column":null}},"3":{"start":{"line":5,"column":39},"end":{"line":5,"column":null}},"4":{"start":{"line":7,"column":19},"end":{"line":7,"column":null}},"5":{"start":{"line":9,"column":22},"end":{"line":10,"column":null}},"6":{"start":{"line":24,"column":0},"end":{"line":24,"column":null}}},"fnMap":{},"branchMap":{},"s":{"0":12,"1":1,"2":1,"3":1,"4":1,"5":1,"6":1},"f":{},"b":{}}
,"C:\\Users\\dinet\\WebstormProjects\\af-2-DinethRashmikaHeshan\\components\\ui\\select.tsx": {"path":"C:\\Users\\dinet\\WebstormProjects\\af-2-DinethRashmikaHeshan\\components\\ui\\select.tsx","statementMap":{"0":{"start":{"line":150,"column":2},"end":{"line":150,"column":8}},"1":{"start":{"line":154,"column":2},"end":{"line":154,"column":15}},"2":{"start":{"line":151,"column":2},"end":{"line":151,"column":13}},"3":{"start":{"line":156,"column":2},"end":{"line":156,"column":12}},"4":{"start":{"line":155,"column":2},"end":{"line":155,"column":13}},"5":{"start":{"line":159,"column":2},"end":{"line":159,"column":24}},"6":{"start":{"line":158,"column":2},"end":{"line":158,"column":22}},"7":{"start":{"line":157,"column":2},"end":{"line":157,"column":17}},"8":{"start":{"line":153,"column":2},"end":{"line":153,"column":15}},"9":{"start":{"line":152,"column":2},"end":{"line":152,"column":13}},"10":{"start":{"line":3,"column":23},"end":{"line":3,"column":null}},"11":{"start":{"line":4,"column":33},"end":{"line":4,"column":null}},"12":{"start":{"line":5,"column":46},"end":{"line":5,"column":null}},"13":{"start":{"line":7,"column":19},"end":{"line":7,"column":null}},"14":{"start":{"line":9,"column":15},"end":{"line":9,"column":35}},"15":{"start":{"line":11,"column":20},"end":{"line":11,"column":41}},"16":{"start":{"line":13,"column":20},"end":{"line":13,"column":41}},"17":{"start":{"line":33,"column":0},"end":{"line":33,"column":null}},"18":{"start":{"line":50,"column":0},"end":{"line":50,"column":null}},"19":{"start":{"line":67,"column":0},"end":{"line":68,"column":null}},"20":{"start":{"line":100,"column":0},"end":{"line":100,"column":null}},"21":{"start":{"line":112,"column":0},"end":{"line":112,"column":null}},"22":{"start":{"line":135,"column":0},"end":{"line":135,"column":null}},"23":{"start":{"line":147,"column":0},"end":{"line":147,"column":null}}},"fnMap":{},"branchMap":{"0":{"loc":{"start":{"line":73,"column":26},"end":{"line":73,"column":45}},"type":"default-arg","locations":[{"start":{"line":73,"column":37},"end":{"line":73,"column":45}}]},"1":{"loc":{"start":{"line":79,"column":8},"end":{"line":80,"column":null}},"type":"binary-expr","locations":[{"start":{"line":79,"column":8},"end":{"line":79,"column":null}},{"start":{"line":80,"column":10},"end":{"line":80,"column":null}}]},"2":{"loc":{"start":{"line":90,"column":10},"end":{"line":91,"column":null}},"type":"binary-expr","locations":[{"start":{"line":90,"column":10},"end":{"line":90,"column":null}},{"start":{"line":91,"column":12},"end":{"line":91,"column":null}}]}},"s":{"0":5,"1":5,"2":0,"3":13,"4":0,"5":0,"6":0,"7":0,"8":5,"9":5,"10":1,"11":1,"12":1,"13":1,"14":1,"15":1,"16":1,"17":1,"18":1,"19":1,"20":1,"21":1,"22":1,"23":1},"f":{},"b":{"0":[3],"1":[3,3],"2":[3,3]}}
,"C:\\Users\\dinet\\WebstormProjects\\af-2-DinethRashmikaHeshan\\components\\ui\\separator.tsx": {"path":"C:\\Users\\dinet\\WebstormProjects\\af-2-DinethRashmikaHeshan\\components\\ui\\separator.tsx","statementMap":{"0":{"start":{"line":31,"column":9},"end":{"line":31,"column":null}},"1":{"start":{"line":3,"column":23},"end":{"line":3,"column":null}},"2":{"start":{"line":4,"column":36},"end":{"line":4,"column":null}},"3":{"start":{"line":6,"column":19},"end":{"line":6,"column":null}},"4":{"start":{"line":29,"column":0},"end":{"line":29,"column":null}}},"fnMap":{},"branchMap":{"0":{"loc":{"start":{"line":13,"column":17},"end":{"line":13,"column":43}},"type":"default-arg","locations":[{"start":{"line":13,"column":31},"end":{"line":13,"column":43}}]},"1":{"loc":{"start":{"line":13,"column":45},"end":{"line":13,"column":62}},"type":"default-arg","locations":[{"start":{"line":13,"column":58},"end":{"line":13,"column":62}}]},"2":{"loc":{"start":{"line":22,"column":8},"end":{"line":22,"column":null}},"type":"cond-expr","locations":[{"start":{"line":22,"column":39},"end":{"line":22,"column":58}},{"start":{"line":22,"column":58},"end":{"line":22,"column":null}}]}},"s":{"0":3,"1":1,"2":1,"3":1,"4":1},"f":{},"b":{"0":[3],"1":[3],"2":[3,0]}}
,"C:\\Users\\dinet\\WebstormProjects\\af-2-DinethRashmikaHeshan\\components\\ui\\tabs.tsx": {"path":"C:\\Users\\dinet\\WebstormProjects\\af-2-DinethRashmikaHeshan\\components\\ui\\tabs.tsx","statementMap":{"0":{"start":{"line":55,"column":9},"end":{"line":55,"column":13}},"1":{"start":{"line":55,"column":38},"end":{"line":55,"column":49}},"2":{"start":{"line":55,"column":15},"end":{"line":55,"column":23}},"3":{"start":{"line":55,"column":25},"end":{"line":55,"column":36}},"4":{"start":{"line":3,"column":23},"end":{"line":3,"column":null}},"5":{"start":{"line":4,"column":31},"end":{"line":4,"column":null}},"6":{"start":{"line":6,"column":19},"end":{"line":6,"column":null}},"7":{"start":{"line":8,"column":13},"end":{"line":8,"column":31}},"8":{"start":{"line":23,"column":0},"end":{"line":23,"column":null}},"9":{"start":{"line":38,"column":0},"end":{"line":38,"column":null}},"10":{"start":{"line":53,"column":0},"end":{"line":53,"column":null}}},"fnMap":{},"branchMap":{},"s":{"0":5,"1":12,"2":5,"3":10,"4":2,"5":2,"6":2,"7":2,"8":2,"9":2,"10":2},"f":{},"b":{}}
,"C:\\Users\\dinet\\WebstormProjects\\af-2-DinethRashmikaHeshan\\components\\ui\\use-toast.ts": {"path":"C:\\Users\\dinet\\WebstormProjects\\af-2-DinethRashmikaHeshan\\components\\ui\\use-toast.ts","statementMap":{"0":{"start":{"line":77,"column":13},"end":{"line":77,"column":20}},"1":{"start":{"line":194,"column":19},"end":{"line":194,"column":24}},"2":{"start":{"line":194,"column":9},"end":{"line":194,"column":17}},"3":{"start":{"line":4,"column":23},"end":{"line":4,"column":null}},"4":{"start":{"line":11,"column":20},"end":{"line":11,"column":null}},"5":{"start":{"line":12,"column":27},"end":{"line":12,"column":null}},"6":{"start":{"line":21,"column":20},"end":{"line":26,"column":null}},"7":{"start":{"line":28,"column":12},"end":{"line":28,"column":null}},"8":{"start":{"line":31,"column":2},"end":{"line":31,"column":null}},"9":{"start":{"line":32,"column":2},"end":{"line":32,"column":null}},"10":{"start":{"line":59,"column":22},"end":{"line":59,"column":null}},"11":{"start":{"line":61,"column":25},"end":{"line":75,"column":null}},"12":{"start":{"line":62,"column":2},"end":{"line":64,"column":null}},"13":{"start":{"line":63,"column":4},"end":{"line":63,"column":null}},"14":{"start":{"line":66,"column":18},"end":{"line":72,"column":null}},"15":{"start":{"line":67,"column":4},"end":{"line":67,"column":null}},"16":{"start":{"line":68,"column":4},"end":{"line":71,"column":null}},"17":{"start":{"line":74,"column":2},"end":{"line":74,"column":null}},"18":{"start":{"line":77,"column":23},"end":{"line":130,"column":null}},"19":{"start":{"line":78,"column":2},"end":{"line":129,"column":null}},"20":{"start":{"line":80,"column":6},"end":{"line":83,"column":null}},"21":{"start":{"line":86,"column":6},"end":{"line":91,"column":null}},"22":{"start":{"line":89,"column":10},"end":{"line":89,"column":null}},"23":{"start":{"line":94,"column":26},"end":{"line":94,"column":null}},"24":{"start":{"line":98,"column":6},"end":{"line":104,"column":null}},"25":{"start":{"line":99,"column":8},"end":{"line":99,"column":null}},"26":{"start":{"line":101,"column":8},"end":{"line":103,"column":null}},"27":{"start":{"line":102,"column":10},"end":{"line":102,"column":null}},"28":{"start":{"line":106,"column":6},"end":{"line":116,"column":null}},"29":{"start":{"line":109,"column":10},"end":{"line":114,"column":null}},"30":{"start":{"line":119,"column":6},"end":{"line":124,"column":null}},"31":{"start":{"line":120,"column":8},"end":{"line":123,"column":null}},"32":{"start":{"line":125,"column":6},"end":{"line":128,"column":null}},"33":{"start":{"line":127,"column":43},"end":{"line":127,"column":66}},"34":{"start":{"line":132,"column":49},"end":{"line":132,"column":51}},"35":{"start":{"line":134,"column":25},"end":{"line":134,"column":null}},"36":{"start":{"line":137,"column":2},"end":{"line":137,"column":null}},"37":{"start":{"line":138,"column":2},"end":{"line":140,"column":null}},"38":{"start":{"line":139,"column":4},"end":{"line":139,"column":null}},"39":{"start":{"line":146,"column":13},"end":{"line":146,"column":null}},"40":{"start":{"line":148,"column":17},"end":{"line":152,"column":null}},"41":{"start":{"line":149,"column":4},"end":{"line":152,"column":null}},"42":{"start":{"line":153,"column":18},"end":{"line":153,"column":null}},"43":{"start":{"line":153,"column":24},"end":{"line":153,"column":null}},"44":{"start":{"line":155,"column":2},"end":{"line":165,"column":null}},"45":{"start":{"line":162,"column":8},"end":{"line":162,"column":null}},"46":{"start":{"line":162,"column":19},"end":{"line":162,"column":null}},"47":{"start":{"line":167,"column":2},"end":{"line":171,"column":null}},"48":{"start":{"line":175,"column":28},"end":{"line":175,"column":null}},"49":{"start":{"line":177,"column":2},"end":{"line":185,"column":null}},"50":{"start":{"line":178,"column":4},"end":{"line":178,"column":null}},"51":{"start":{"line":179,"column":4},"end":{"line":184,"column":null}},"52":{"start":{"line":180,"column":20},"end":{"line":180,"column":null}},"53":{"start":{"line":181,"column":6},"end":{"line":183,"column":null}},"54":{"start":{"line":182,"column":8},"end":{"line":182,"column":null}},"55":{"start":{"line":187,"column":2},"end":{"line":191,"column":null}},"56":{"start":{"line":190,"column":35},"end":{"line":190,"column":null}}},"fnMap":{"0":{"name":"genId","decl":{"start":{"line":30,"column":9},"end":{"line":30,"column":null}},"loc":{"start":{"line":30,"column":9},"end":{"line":33,"column":null}}},"1":{"name":"(anonymous_8)","decl":{"start":{"line":61,"column":25},"end":{"line":61,"column":26}},"loc":{"start":{"line":61,"column":26},"end":{"line":75,"column":null}}},"2":{"name":"(anonymous_9)","decl":{"start":{"line":66,"column":29},"end":{"line":66,"column":null}},"loc":{"start":{"line":66,"column":29},"end":{"line":72,"column":5}}},"3":{"name":"(anonymous_10)","decl":{"start":{"line":77,"column":23},"end":{"line":77,"column":24}},"loc":{"start":{"line":77,"column":38},"end":{"line":130,"column":null}}},"4":{"name":"(anonymous_11)","decl":{"start":{"line":88,"column":33},"end":{"line":88,"column":34}},"loc":{"start":{"line":89,"column":10},"end":{"line":89,"column":null}}},"5":{"name":"(anonymous_12)","decl":{"start":{"line":101,"column":29},"end":{"line":101,"column":30}},"loc":{"start":{"line":101,"column":30},"end":{"line":103,"column":null}}},"6":{"name":"(anonymous_13)","decl":{"start":{"line":108,"column":33},"end":{"line":108,"column":34}},"loc":{"start":{"line":109,"column":10},"end":{"line":114,"column":null}}},"7":{"name":"(anonymous_14)","decl":{"start":{"line":127,"column":36},"end":{"line":127,"column":37}},"loc":{"start":{"line":127,"column":43},"end":{"line":127,"column":66}}},"8":{"name":"dispatch","decl":{"start":{"line":136,"column":9},"end":{"line":136,"column":18}},"loc":{"start":{"line":136,"column":32},"end":{"line":141,"column":null}}},"9":{"name":"(anonymous_16)","decl":{"start":{"line":138,"column":20},"end":{"line":138,"column":21}},"loc":{"start":{"line":138,"column":21},"end":{"line":140,"column":null}}},"10":{"name":"toast","decl":{"start":{"line":145,"column":9},"end":{"line":145,"column":15}},"loc":{"start":{"line":145,"column":34},"end":{"line":172,"column":null}}},"11":{"name":"(anonymous_18)","decl":{"start":{"line":148,"column":17},"end":{"line":148,"column":18}},"loc":{"start":{"line":149,"column":4},"end":{"line":152,"column":null}}},"12":{"name":"(anonymous_19)","decl":{"start":{"line":153,"column":18},"end":{"line":153,"column":24}},"loc":{"start":{"line":153,"column":24},"end":{"line":153,"column":null}}},"13":{"name":"(anonymous_20)","decl":{"start":{"line":161,"column":20},"end":{"line":161,"column":21}},"loc":{"start":{"line":161,"column":21},"end":{"line":163,"column":null}}},"14":{"name":"useToast","decl":{"start":{"line":174,"column":9},"end":{"line":174,"column":null}},"loc":{"start":{"line":174,"column":9},"end":{"line":192,"column":null}}},"15":{"name":"(anonymous_22)","decl":{"start":{"line":177,"column":18},"end":{"line":177,"column":null}},"loc":{"start":{"line":177,"column":18},"end":{"line":185,"column":5}}},"16":{"name":"(anonymous_23)","decl":{"start":{"line":179,"column":11},"end":{"line":179,"column":null}},"loc":{"start":{"line":179,"column":11},"end":{"line":184,"column":null}}},"17":{"name":"(anonymous_24)","decl":{"start":{"line":190,"column":13},"end":{"line":190,"column":14}},"loc":{"start":{"line":190,"column":35},"end":{"line":190,"column":null}}}},"branchMap":{"0":{"loc":{"start":{"line":62,"column":2},"end":{"line":64,"column":null}},"type":"if","locations":[{"start":{"line":62,"column":2},"end":{"line":64,"column":null}}]},"1":{"loc":{"start":{"line":78,"column":2},"end":{"line":129,"column":null}},"type":"switch","locations":[{"start":{"line":79,"column":4},"end":{"line":83,"column":null}},{"start":{"line":85,"column":4},"end":{"line":91,"column":null}},{"start":{"line":93,"column":4},"end":{"line":117,"column":null}},{"start":{"line":118,"column":4},"end":{"line":128,"column":null}}]},"2":{"loc":{"start":{"line":89,"column":10},"end":{"line":89,"column":null}},"type":"cond-expr","locations":[{"start":{"line":89,"column":37},"end":{"line":89,"column":65}},{"start":{"line":89,"column":65},"end":{"line":89,"column":null}}]},"3":{"loc":{"start":{"line":98,"column":6},"end":{"line":104,"column":null}},"type":"if","locations":[{"start":{"line":98,"column":6},"end":{"line":104,"column":null}},{"start":{"line":100,"column":13},"end":{"line":104,"column":null}}]},"4":{"loc":{"start":{"line":109,"column":10},"end":{"line":114,"column":null}},"type":"cond-expr","locations":[{"start":{"line":110,"column":14},"end":{"line":113,"column":null}},{"start":{"line":114,"column":14},"end":{"line":114,"column":null}}]},"5":{"loc":{"start":{"line":109,"column":10},"end":{"line":109,"column":null}},"type":"binary-expr","locations":[{"start":{"line":109,"column":10},"end":{"line":109,"column":30}},{"start":{"line":109,"column":30},"end":{"line":109,"column":null}}]},"6":{"loc":{"start":{"line":119,"column":6},"end":{"line":124,"column":null}},"type":"if","locations":[{"start":{"line":119,"column":6},"end":{"line":124,"column":null}}]},"7":{"loc":{"start":{"line":162,"column":8},"end":{"line":162,"column":null}},"type":"if","locations":[{"start":{"line":162,"column":8},"end":{"line":162,"column":null}}]},"8":{"loc":{"start":{"line":181,"column":6},"end":{"line":183,"column":null}},"type":"if","locations":[{"start":{"line":181,"column":6},"end":{"line":183,"column":null}}]}},"s":{"0":0,"1":0,"2":33,"3":5,"4":5,"5":5,"6":5,"7":5,"8":2,"9":2,"10":5,"11":5,"12":0,"13":0,"14":0,"15":0,"16":0,"17":0,"18":5,"19":2,"20":2,"21":0,"22":0,"23":0,"24":0,"25":0,"26":0,"27":0,"28":0,"29":0,"30":0,"31":0,"32":0,"33":0,"34":5,"35":5,"36":2,"37":2,"38":2,"39":2,"40":2,"41":0,"42":2,"43":0,"44":2,"45":0,"46":0,"47":2,"48":33,"49":33,"50":22,"51":22,"52":22,"53":22,"54":22,"55":33,"56":0},"f":{"0":2,"1":0,"2":0,"3":2,"4":0,"5":0,"6":0,"7":0,"8":2,"9":2,"10":2,"11":0,"12":0,"13":0,"14":33,"15":22,"16":22,"17":0},"b":{"0":[0],"1":[2,0,0,0],"2":[0,0],"3":[0,0],"4":[0,0],"5":[0,0],"6":[0],"7":[0],"8":[22]}}
,"C:\\Users\\dinet\\WebstormProjects\\af-2-DinethRashmikaHeshan\\lib\\utils.ts": {"path":"C:\\Users\\dinet\\WebstormProjects\\af-2-DinethRashmikaHeshan\\lib\\utils.ts","statementMap":{"0":{"start":{"line":4,"column":16},"end":{"line":4,"column":19}},"1":{"start":{"line":1,"column":38},"end":{"line":1,"column":null}},"2":{"start":{"line":2,"column":24},"end":{"line":2,"column":null}},"3":{"start":{"line":5,"column":2},"end":{"line":5,"column":null}}},"fnMap":{"0":{"name":"cn","decl":{"start":{"line":4,"column":16},"end":{"line":4,"column":19}},"loc":{"start":{"line":4,"column":42},"end":{"line":6,"column":null}}}},"branchMap":{},"s":{"0":277,"1":6,"2":6,"3":277},"f":{"0":277},"b":{}}
}
