TN:
SF:__tests__\test-utils.tsx
FN:7,(anonymous_9)
FN:8,(anonymous_10)
FNF:2
FNH:2
FNDA:20,(anonymous_9)
FNDA:20,(anonymous_10)
DA:3,7
DA:4,7
DA:7,7
DA:8,20
DA:16,20
DA:23,20
DA:26,7
DA:59,7
DA:136,7
DA:142,7
LF:10
LH:10
BRF:0
BRH:0
end_of_record
TN:
SF:app\countries\page.tsx
FN:34,Countries
FN:46,(anonymous_3)
FN:47,(anonymous_4)
FN:59,(anonymous_5)
FN:60,(anonymous_6)
FN:84,(anonymous_7)
FN:91,(anonymous_8)
FN:99,(anonymous_9)
FN:103,(anonymous_10)
FN:107,(anonymous_11)
FN:114,(anonymous_12)
FN:136,(anonymous_13)
FN:164,(anonymous_14)
FN:178,(anonymous_15)
FN:190,(anonymous_16)
FN:200,(anonymous_17)
FN:212,(anonymous_18)
FN:217,(anonymous_19)
FN:218,(anonymous_20)
FNF:19
FNH:10
FNDA:11,Countries
FNDA:3,(anonymous_3)
FNDA:3,(anonymous_4)
FNDA:3,(anonymous_5)
FNDA:3,(anonymous_6)
FNDA:0,(anonymous_7)
FNDA:0,(anonymous_8)
FNDA:5,(anonymous_9)
FNDA:0,(anonymous_10)
FNDA:0,(anonymous_11)
FNDA:0,(anonymous_12)
FNDA:0,(anonymous_13)
FNDA:8,(anonymous_14)
FNDA:1,(anonymous_15)
FNDA:0,(anonymous_16)
FNDA:8,(anonymous_17)
FNDA:8,(anonymous_18)
FNDA:0,(anonymous_19)
FNDA:0,(anonymous_20)
DA:3,1
DA:4,1
DA:5,1
DA:6,1
DA:7,1
DA:8,1
DA:9,1
DA:10,1
DA:11,1
DA:12,1
DA:13,1
DA:34,3
DA:35,11
DA:36,11
DA:37,11
DA:38,11
DA:39,11
DA:40,11
DA:41,11
DA:42,11
DA:43,11
DA:46,11
DA:47,3
DA:48,3
DA:49,3
DA:50,0
DA:51,0
DA:55,3
DA:59,11
DA:60,3
DA:61,3
DA:62,3
DA:63,2
DA:65,2
DA:66,2
DA:67,2
DA:69,1
DA:70,1
DA:76,3
DA:80,3
DA:84,11
DA:85,0
DA:86,0
DA:88,0
DA:90,0
DA:91,0
DA:94,0
DA:99,11
DA:100,5
DA:102,5
DA:103,0
DA:106,5
DA:107,0
DA:110,5
DA:114,11
DA:115,0
DA:116,0
DA:121,0
DA:122,0
DA:125,0
DA:126,0
DA:128,0
DA:134,0
DA:136,0
DA:137,0
DA:143,0
DA:145,0
DA:147,0
DA:148,0
DA:154,0
DA:155,0
DA:164,11
DA:166,11
DA:178,1
DA:190,0
DA:201,8
DA:213,8
DA:217,0
DA:218,0
LF:79
LH:50
BRDA:49,0,0,0
BRDA:63,1,0,0
BRDA:88,2,0,0
BRDA:90,3,0,0
BRDA:102,4,0,0
BRDA:106,5,0,0
BRDA:106,6,0,5
BRDA:106,6,1,0
BRDA:115,7,0,0
BRDA:126,8,0,0
BRDA:126,8,1,0
BRDA:134,9,0,0
BRDA:145,10,0,0
BRDA:166,11,0,6
BRDA:178,12,0,5
BRDA:223,13,0,5
BRF:16
BRH:4
end_of_record
TN:
SF:app\countries\[code]\page.tsx
FN:64,CountryDetail
FN:74,(anonymous_3)
FN:75,(anonymous_4)
FN:87,(anonymous_5)
FN:88,(anonymous_6)
FN:113,(anonymous_7)
FN:131,(anonymous_8)
FN:186,(anonymous_9)
FN:195,(anonymous_10)
FN:216,(anonymous_11)
FN:363,(anonymous_12)
FN:376,(anonymous_13)
FN:390,(anonymous_14)
FN:427,(anonymous_15)
FN:450,(anonymous_16)
FN:527,(anonymous_17)
FN:532,(anonymous_18)
FNF:17
FNH:12
FNDA:7,CountryDetail
FNDA:4,(anonymous_3)
FNDA:4,(anonymous_4)
FNDA:4,(anonymous_5)
FNDA:4,(anonymous_6)
FNDA:0,(anonymous_7)
FNDA:0,(anonymous_8)
FNDA:0,(anonymous_9)
FNDA:2,(anonymous_10)
FNDA:0,(anonymous_11)
FNDA:2,(anonymous_12)
FNDA:18,(anonymous_13)
FNDA:2,(anonymous_14)
FNDA:2,(anonymous_15)
FNDA:2,(anonymous_16)
FNDA:4,(anonymous_17)
FNDA:0,(anonymous_18)
DA:3,1
DA:4,1
DA:5,1
DA:6,1
DA:7,1
DA:8,1
DA:9,1
DA:10,1
DA:11,1
DA:12,1
DA:13,1
DA:14,1
DA:15,1
DA:64,4
DA:65,7
DA:66,7
DA:67,7
DA:68,7
DA:69,7
DA:70,7
DA:71,7
DA:74,7
DA:75,4
DA:76,4
DA:77,4
DA:78,0
DA:79,0
DA:83,4
DA:87,7
DA:88,4
DA:89,4
DA:90,4
DA:93,3
DA:95,3
DA:96,3
DA:98,1
DA:99,1
DA:105,4
DA:109,4
DA:113,7
DA:114,0
DA:115,0
DA:122,0
DA:124,0
DA:126,0
DA:131,7
DA:132,0
DA:133,0
DA:138,0
DA:139,0
DA:142,0
DA:143,0
DA:145,0
DA:147,0
DA:149,0
DA:150,0
DA:156,0
DA:158,0
DA:160,0
DA:161,0
DA:167,0
DA:168,0
DA:176,7
DA:180,3
DA:186,0
DA:195,2
DA:196,2
DA:200,2
DA:203,2
DA:208,2
DA:216,0
DA:364,2
DA:377,18
DA:391,2
DA:428,2
DA:451,2
DA:528,4
DA:532,0
LF:78
LH:52
BRDA:77,0,0,0
BRDA:93,1,0,0
BRDA:122,2,0,0
BRDA:122,3,0,0
BRDA:122,3,1,0
BRDA:132,4,0,0
BRDA:143,5,0,0
BRDA:143,5,1,0
BRDA:147,6,0,0
BRDA:158,7,0,0
BRDA:176,8,0,4
BRDA:180,9,0,1
BRDA:200,10,0,2
BRDA:200,10,1,0
BRDA:203,11,0,2
BRDA:203,11,1,0
BRDA:204,12,0,2
BRDA:204,12,1,0
BRDA:208,13,0,2
BRDA:208,13,1,0
BRDA:220,14,0,0
BRDA:220,14,1,2
BRDA:221,15,0,0
BRDA:221,15,1,2
BRDA:222,16,0,0
BRDA:222,16,1,2
BRDA:230,17,0,2
BRDA:230,17,1,0
BRDA:231,18,0,2
BRDA:231,18,1,0
BRDA:238,19,0,2
BRDA:242,20,0,2
BRDA:242,20,1,0
BRDA:256,21,0,2
BRDA:266,22,0,2
BRDA:266,22,1,0
BRDA:273,23,0,2
BRDA:273,23,1,0
BRDA:287,24,0,2
BRDA:287,24,1,0
BRDA:294,25,0,2
BRDA:294,25,1,0
BRDA:307,26,0,2
BRDA:308,27,0,2
BRDA:308,27,1,0
BRDA:309,28,0,2
BRDA:309,28,1,0
BRDA:313,29,0,2
BRDA:314,30,0,2
BRDA:314,30,1,0
BRDA:315,31,0,2
BRDA:315,31,1,0
BRDA:319,32,0,2
BRDA:322,33,0,2
BRDA:352,34,0,2
BRDA:359,35,0,2
BRDA:359,35,1,2
BRDA:372,36,0,2
BRDA:372,36,1,2
BRDA:386,37,0,2
BRDA:386,37,1,2
BRDA:400,38,0,2
BRDA:410,39,0,2
BRDA:420,40,0,2
BRDA:433,41,0,2
BRDA:433,41,1,2
BRDA:443,42,0,2
BRDA:477,43,0,2
BRDA:476,44,0,2
BRDA:476,44,1,2
BRDA:489,45,0,2
BRDA:491,46,0,2
BRDA:502,47,0,2
BRDA:526,48,0,2
BRDA:525,49,0,2
BRDA:525,49,1,2
BRF:76
BRH:48
end_of_record
TN:
SF:app\favorites\page.tsx
FN:31,Favorites
FN:39,(anonymous_3)
FN:40,(anonymous_4)
FN:55,(anonymous_5)
FN:67,(anonymous_6)
FN:70,(anonymous_7)
FN:93,(anonymous_8)
FN:100,(anonymous_9)
FN:131,(anonymous_10)
FN:140,(anonymous_11)
FN:145,(anonymous_12)
FN:146,(anonymous_13)
FN:153,(anonymous_14)
FNF:13
FNH:3
FNDA:1,Favorites
FNDA:1,(anonymous_3)
FNDA:1,(anonymous_4)
FNDA:0,(anonymous_5)
FNDA:0,(anonymous_6)
FNDA:0,(anonymous_7)
FNDA:0,(anonymous_8)
FNDA:0,(anonymous_9)
FNDA:0,(anonymous_10)
FNDA:0,(anonymous_11)
FNDA:0,(anonymous_12)
FNDA:0,(anonymous_13)
FNDA:0,(anonymous_14)
DA:3,1
DA:4,1
DA:5,1
DA:6,1
DA:7,1
DA:8,1
DA:9,1
DA:10,1
DA:11,1
DA:31,1
DA:32,1
DA:33,1
DA:34,1
DA:35,1
DA:36,1
DA:39,1
DA:40,1
DA:41,1
DA:42,1
DA:43,0
DA:44,0
DA:47,1
DA:51,1
DA:55,1
DA:56,0
DA:58,0
DA:63,0
DA:65,0
DA:67,0
DA:70,0
DA:71,0
DA:72,0
DA:73,0
DA:74,0
DA:77,0
DA:78,0
DA:81,0
DA:82,0
DA:88,0
DA:93,1
DA:94,0
DA:95,0
DA:97,0
DA:100,0
DA:102,0
DA:107,0
DA:108,0
DA:116,1
DA:120,0
DA:131,0
DA:141,0
DA:145,0
DA:146,0
DA:153,0
LF:54
LH:24
BRDA:42,0,0,0
BRDA:42,0,1,1
BRDA:63,1,0,0
BRDA:65,2,0,0
BRDA:65,3,0,0
BRDA:65,3,1,0
BRDA:72,4,0,0
BRDA:97,5,0,0
BRDA:116,6,0,1
BRDA:120,7,0,0
BRDA:139,8,0,0
BRF:11
BRH:2
end_of_record
TN:
SF:app\login\page.tsx
FN:20,Login
FN:31,(anonymous_3)
FN:32,(anonymous_4)
FN:43,(anonymous_5)
FN:67,(anonymous_6)
FN:88,(anonymous_7)
FN:183,(anonymous_8)
FN:193,(anonymous_9)
FN:227,(anonymous_10)
FN:237,(anonymous_11)
FNF:10
FNH:3
FNDA:3,Login
FNDA:3,(anonymous_3)
FNDA:3,(anonymous_4)
FNDA:0,(anonymous_5)
FNDA:0,(anonymous_6)
FNDA:0,(anonymous_7)
FNDA:0,(anonymous_8)
FNDA:0,(anonymous_9)
FNDA:0,(anonymous_10)
FNDA:0,(anonymous_11)
DA:5,1
DA:6,1
DA:7,1
DA:8,1
DA:9,1
DA:10,1
DA:11,1
DA:12,1
DA:13,1
DA:14,1
DA:15,1
DA:16,1
DA:17,1
DA:18,1
DA:20,3
DA:21,3
DA:22,3
DA:23,3
DA:24,3
DA:25,3
DA:26,3
DA:27,3
DA:28,3
DA:31,3
DA:32,3
DA:33,3
DA:34,3
DA:36,1
DA:40,3
DA:43,3
DA:44,0
DA:45,0
DA:46,0
DA:48,0
DA:49,0
DA:57,0
DA:59,0
DA:61,0
DA:63,0
DA:67,3
DA:68,0
DA:69,0
DA:70,0
DA:72,0
DA:73,0
DA:78,0
DA:80,0
DA:81,0
DA:83,0
DA:84,0
DA:88,3
DA:89,0
DA:90,0
DA:92,0
DA:93,0
DA:100,0
DA:104,0
DA:105,0
DA:109,3
DA:183,0
DA:193,0
DA:227,0
DA:237,0
LF:63
LH:33
BRDA:34,0,0,1
BRDA:57,1,0,0
BRDA:61,2,0,0
BRDA:61,2,1,0
BRDA:78,3,0,0
BRDA:83,4,0,0
BRDA:83,4,1,0
BRDA:100,5,0,0
BRDA:104,6,0,0
BRDA:104,6,1,0
BRDA:109,7,0,0
BRDA:133,8,0,0
BRDA:198,9,0,3
BRDA:206,10,0,0
BRDA:206,10,1,3
BRDA:242,11,0,3
BRDA:249,12,0,3
BRDA:256,13,0,0
BRDA:256,13,1,3
BRF:19
BRH:6
end_of_record
TN:
SF:components\country-card.tsx
FN:31,CountryCard
FN:33,(anonymous_3)
FNF:2
FNH:2
FNDA:8,CountryCard
FNDA:8,(anonymous_3)
DA:3,3
DA:4,3
DA:5,3
DA:6,3
DA:31,12
DA:33,8
DA:34,8
LF:7
LH:7
BRDA:41,0,0,8
BRDA:41,0,1,0
BRDA:42,1,0,8
BRDA:42,1,1,0
BRDA:53,2,0,8
BRDA:53,2,1,0
BRDA:69,3,0,1
BRDA:69,3,1,7
BRDA:70,4,0,1
BRDA:70,4,1,7
BRDA:71,5,0,1
BRDA:71,5,1,7
BRF:12
BRH:9
end_of_record
TN:
SF:components\country-map.tsx
FN:13,CountryMap
FN:16,(anonymous_3)
FNF:2
FNH:0
FNDA:0,CountryMap
FNDA:0,(anonymous_3)
DA:3,1
DA:4,1
DA:13,2
DA:14,0
DA:16,0
DA:18,0
DA:19,0
DA:20,0
DA:23,0
DA:25,0
LF:10
LH:3
BRDA:13,0,0,0
BRDA:31,1,0,0
BRDA:33,2,0,0
BRDA:33,2,1,0
BRF:4
BRH:0
end_of_record
TN:
SF:components\loading-screen.tsx
FN:11,LoadingScreen
FN:14,(anonymous_3)
FN:15,(anonymous_4)
FN:16,(anonymous_5)
FN:22,(anonymous_6)
FNF:5
FNH:3
FNDA:12,LoadingScreen
FNDA:9,(anonymous_3)
FNDA:0,(anonymous_4)
FNDA:0,(anonymous_5)
FNDA:9,(anonymous_6)
DA:3,5
DA:4,5
DA:5,5
DA:11,12
DA:12,12
DA:14,12
DA:15,9
DA:16,0
DA:17,0
DA:18,0
DA:22,9
LF:11
LH:8
BRDA:11,0,0,1
BRDA:17,1,0,0
BRF:2
BRH:1
end_of_record
TN:
SF:components\loading-spinner.tsx
FN:9,LoadingSpinner
FNF:1
FNH:0
FNDA:0,LoadingSpinner
DA:1,5
DA:2,5
DA:9,0
LF:3
LH:2
BRDA:9,0,0,0
BRF:1
BRH:0
end_of_record
TN:
SF:components\site-header.tsx
FN:21,SiteHeader
FN:28,(anonymous_3)
FN:29,(anonymous_4)
FN:37,(anonymous_5)
FN:41,(anonymous_6)
FN:46,(anonymous_7)
FNF:6
FNH:4
FNDA:14,SiteHeader
FNDA:12,(anonymous_3)
FNDA:12,(anonymous_4)
FNDA:0,(anonymous_5)
FNDA:12,(anonymous_6)
FNDA:0,(anonymous_7)
DA:3,5
DA:5,5
DA:6,5
DA:7,5
DA:8,5
DA:15,5
DA:16,5
DA:17,5
DA:18,5
DA:19,5
DA:21,14
DA:22,14
DA:23,14
DA:24,14
DA:25,14
DA:26,14
DA:28,14
DA:29,12
DA:30,12
DA:31,12
DA:34,12
DA:37,12
DA:38,0
DA:41,12
DA:42,12
DA:46,14
DA:47,0
DA:48,0
DA:49,0
DA:50,0
DA:52,0
DA:56,0
DA:58,0
DA:64,0
LF:34
LH:25
BRDA:31,0,0,12
BRDA:31,0,1,10
BRDA:38,1,0,0
BRDA:38,1,1,0
BRDA:50,2,0,0
BRDA:60,3,0,0
BRDA:60,3,1,0
BRDA:89,4,0,2
BRDA:100,5,0,2
BRDA:100,5,1,0
BRDA:111,6,0,0
BRDA:148,7,0,2
BRDA:161,8,0,0
BRF:13
BRH:5
end_of_record
TN:
SF:components\theme-provider.tsx
FN:9,ThemeProvider
FNF:1
FNH:1
FNDA:20,ThemeProvider
DA:3,7
DA:7,7
DA:9,20
LF:3
LH:3
BRF:0
BRH:0
end_of_record
TN:
SF:components\ui\alert.tsx
FNF:0
FNH:0
DA:1,1
DA:2,1
DA:4,1
DA:6,1
DA:33,1
DA:45,1
DA:57,1
DA:59,0
LF:8
LH:7
BRF:0
BRH:0
end_of_record
TN:
SF:components\ui\badge.tsx
FN:30,Badge
FNF:1
FNH:1
FNDA:28,Badge
DA:1,1
DA:2,1
DA:4,1
DA:6,1
DA:36,28
LF:5
LH:5
BRF:0
BRH:0
end_of_record
TN:
SF:components\ui\button.tsx
FN:43,(anonymous_6)
FNF:1
FNH:1
FNDA:88,(anonymous_6)
DA:1,6
DA:2,6
DA:3,6
DA:5,6
DA:7,6
DA:42,6
DA:44,88
DA:54,6
DA:56,83
LF:9
LH:9
BRDA:43,0,0,88
BRDA:44,1,0,0
BRDA:44,1,1,88
BRF:3
BRH:2
end_of_record
TN:
SF:components\ui\card.tsx
FNF:0
FNH:0
DA:1,5
DA:3,5
DA:18,5
DA:30,5
DA:45,5
DA:57,5
DA:65,5
DA:77,5
DA:79,26
LF:9
LH:9
BRF:0
BRH:0
end_of_record
TN:
SF:components\ui\dropdown-menu.tsx
FN:171,(anonymous_27)
FNF:1
FNH:0
FNDA:0,(anonymous_27)
DA:3,5
DA:4,5
DA:5,5
DA:7,5
DA:9,5
DA:11,5
DA:13,5
DA:15,5
DA:17,5
DA:19,5
DA:40,5
DA:56,5
DA:75,5
DA:93,5
DA:116,5
DA:139,5
DA:157,5
DA:169,5
DA:171,5
DA:182,5
DA:185,16
DA:186,16
DA:187,16
DA:188,36
DA:189,0
DA:190,0
DA:191,0
DA:192,4
DA:193,0
DA:194,0
DA:195,0
DA:196,0
DA:197,0
DA:198,0
DA:199,0
LF:35
LH:25
BRDA:31,0,0,0
BRDA:31,0,1,0
BRDA:62,1,0,16
BRDA:87,2,0,0
BRDA:87,2,1,0
BRDA:151,3,0,0
BRDA:151,3,1,0
BRF:7
BRH:1
end_of_record
TN:
SF:components\ui\input.tsx
FN:6,(anonymous_4)
FNF:1
FNH:1
FNDA:9,(anonymous_4)
DA:1,2
DA:3,2
DA:5,2
DA:20,2
DA:22,17
LF:5
LH:5
BRF:0
BRH:0
end_of_record
TN:
SF:components\ui\label.tsx
FNF:0
FNH:0
DA:3,1
DA:4,1
DA:5,1
DA:7,1
DA:9,1
DA:24,1
DA:26,12
LF:7
LH:7
BRF:0
BRH:0
end_of_record
TN:
SF:components\ui\select.tsx
FNF:0
FNH:0
DA:3,1
DA:4,1
DA:5,1
DA:7,1
DA:9,1
DA:11,1
DA:13,1
DA:33,1
DA:50,1
DA:67,1
DA:100,1
DA:112,1
DA:135,1
DA:147,1
DA:150,5
DA:151,0
DA:152,5
DA:153,5
DA:154,5
DA:155,0
DA:156,13
DA:157,0
DA:158,0
DA:159,0
LF:24
LH:19
BRDA:73,0,0,3
BRDA:79,1,0,3
BRDA:79,1,1,3
BRDA:90,2,0,3
BRDA:90,2,1,3
BRF:5
BRH:5
end_of_record
TN:
SF:components\ui\separator.tsx
FNF:0
FNH:0
DA:3,1
DA:4,1
DA:6,1
DA:29,1
DA:31,3
LF:5
LH:5
BRDA:13,0,0,3
BRDA:13,1,0,3
BRDA:22,2,0,3
BRDA:22,2,1,0
BRF:4
BRH:3
end_of_record
TN:
SF:components\ui\tabs.tsx
FNF:0
FNH:0
DA:3,2
DA:4,2
DA:6,2
DA:8,2
DA:23,2
DA:38,2
DA:53,2
DA:55,12
LF:8
LH:8
BRF:0
BRH:0
end_of_record
TN:
SF:components\ui\use-toast.ts
FN:30,genId
FN:61,(anonymous_8)
FN:66,(anonymous_9)
FN:77,(anonymous_10)
FN:88,(anonymous_11)
FN:101,(anonymous_12)
FN:108,(anonymous_13)
FN:127,(anonymous_14)
FN:136,dispatch
FN:138,(anonymous_16)
FN:145,toast
FN:148,(anonymous_18)
FN:153,(anonymous_19)
FN:161,(anonymous_20)
FN:174,useToast
FN:177,(anonymous_22)
FN:179,(anonymous_23)
FN:190,(anonymous_24)
FNF:18
FNH:8
FNDA:2,genId
FNDA:0,(anonymous_8)
FNDA:0,(anonymous_9)
FNDA:2,(anonymous_10)
FNDA:0,(anonymous_11)
FNDA:0,(anonymous_12)
FNDA:0,(anonymous_13)
FNDA:0,(anonymous_14)
FNDA:2,dispatch
FNDA:2,(anonymous_16)
FNDA:2,toast
FNDA:0,(anonymous_18)
FNDA:0,(anonymous_19)
FNDA:0,(anonymous_20)
FNDA:33,useToast
FNDA:22,(anonymous_22)
FNDA:22,(anonymous_23)
FNDA:0,(anonymous_24)
DA:4,5
DA:11,5
DA:12,5
DA:21,5
DA:28,5
DA:31,2
DA:32,2
DA:59,5
DA:61,5
DA:62,0
DA:63,0
DA:66,0
DA:67,0
DA:68,0
DA:74,0
DA:77,5
DA:78,2
DA:80,2
DA:86,0
DA:89,0
DA:94,0
DA:98,0
DA:99,0
DA:101,0
DA:102,0
DA:106,0
DA:109,0
DA:119,0
DA:120,0
DA:125,0
DA:127,0
DA:132,5
DA:134,5
DA:137,2
DA:138,2
DA:139,2
DA:146,2
DA:148,2
DA:149,0
DA:153,2
DA:155,2
DA:162,0
DA:167,2
DA:175,33
DA:177,33
DA:178,22
DA:179,22
DA:180,22
DA:181,22
DA:182,22
DA:187,33
DA:190,0
DA:194,33
LF:53
LH:31
BRDA:62,0,0,0
BRDA:78,1,0,2
BRDA:78,1,1,0
BRDA:78,1,2,0
BRDA:78,1,3,0
BRDA:89,2,0,0
BRDA:89,2,1,0
BRDA:98,3,0,0
BRDA:98,3,1,0
BRDA:109,4,0,0
BRDA:109,4,1,0
BRDA:109,5,0,0
BRDA:109,5,1,0
BRDA:119,6,0,0
BRDA:162,7,0,0
BRDA:181,8,0,22
BRF:16
BRH:2
end_of_record
TN:
SF:lib\utils.ts
FN:4,cn
FNF:1
FNH:1
FNDA:277,cn
DA:1,6
DA:2,6
DA:4,277
DA:5,277
LF:4
LH:4
BRF:0
BRH:0
end_of_record
